mode: set
github.com/frisky1985/yuleDKCS/backend/cloud/hub/internal/error/error.go:170.43,172.2 1 0
github.com/frisky1985/yuleDKCS/backend/cloud/hub/internal/error/error.go:175.36,177.2 1 0
github.com/frisky1985/yuleDKCS/backend/cloud/hub/internal/error/error.go:180.37,182.2 1 0
github.com/frisky1985/yuleDKCS/backend/cloud/hub/internal/error/error.go:185.36,186.35 1 0
github.com/frisky1985/yuleDKCS/backend/cloud/hub/internal/error/error.go:186.35,188.3 1 0
github.com/frisky1985/yuleDKCS/backend/cloud/hub/internal/error/error.go:189.2,189.53 1 0
github.com/frisky1985/yuleDKCS/backend/cloud/hub/internal/error/error.go:193.35,195.2 1 0
github.com/frisky1985/yuleDKCS/backend/cloud/hub/internal/error/error.go:198.51,205.2 1 0
github.com/frisky1985/yuleDKCS/backend/cloud/hub/internal/error/error.go:208.35,209.11 1 0
github.com/frisky1985/yuleDKCS/backend/cloud/hub/internal/error/error.go:210.23,211.19 1 0
github.com/frisky1985/yuleDKCS/backend/cloud/hub/internal/error/error.go:212.23,213.19 1 0
github.com/frisky1985/yuleDKCS/backend/cloud/hub/internal/error/error.go:214.20,215.16 1 0
github.com/frisky1985/yuleDKCS/backend/cloud/hub/internal/error/error.go:216.19,217.15 1 0
github.com/frisky1985/yuleDKCS/backend/cloud/hub/internal/error/error.go:218.23,219.19 1 0
github.com/frisky1985/yuleDKCS/backend/cloud/hub/internal/error/error.go:220.21,221.17 1 0
github.com/frisky1985/yuleDKCS/backend/cloud/hub/internal/error/error.go:222.22,223.18 1 0
github.com/frisky1985/yuleDKCS/backend/cloud/hub/internal/error/error.go:224.22,225.18 1 0
github.com/frisky1985/yuleDKCS/backend/cloud/hub/internal/error/error.go:226.25,227.21 1 0
github.com/frisky1985/yuleDKCS/backend/cloud/hub/internal/error/error.go:228.22,229.18 1 0
github.com/frisky1985/yuleDKCS/backend/cloud/hub/internal/error/error.go:230.19,231.15 1 0
github.com/frisky1985/yuleDKCS/backend/cloud/hub/internal/error/error.go:232.10,233.19 1 0
github.com/frisky1985/yuleDKCS/backend/cloud/hub/internal/error/error.go:247.64,253.2 1 0
github.com/frisky1985/yuleDKCS/backend/cloud/hub/internal/error/error.go:256.107,262.2 1 0
github.com/frisky1985/yuleDKCS/backend/cloud/hub/internal/error/error.go:265.86,272.2 1 0
github.com/frisky1985/yuleDKCS/backend/cloud/hub/internal/error/error.go:275.42,276.20 1 0
github.com/frisky1985/yuleDKCS/backend/cloud/hub/internal/error/error.go:276.20,278.3 1 0
github.com/frisky1985/yuleDKCS/backend/cloud/hub/internal/error/error.go:279.2,279.62 1 0
github.com/frisky1985/yuleDKCS/backend/cloud/hub/internal/error/error.go:283.58,291.21 2 0
github.com/frisky1985/yuleDKCS/backend/cloud/hub/internal/error/error.go:291.21,293.3 1 0
github.com/frisky1985/yuleDKCS/backend/cloud/hub/internal/error/error.go:294.2,294.22 1 0
github.com/frisky1985/yuleDKCS/backend/cloud/hub/internal/error/error.go:294.22,296.3 1 0
github.com/frisky1985/yuleDKCS/backend/cloud/hub/internal/error/error.go:297.2,297.15 1 0
github.com/frisky1985/yuleDKCS/backend/cloud/hub/internal/error/error.go:301.72,304.2 2 0
github.com/frisky1985/yuleDKCS/backend/cloud/hub/internal/error/error.go:307.86,308.22 1 0
github.com/frisky1985/yuleDKCS/backend/cloud/hub/internal/error/error.go:308.22,310.3 1 0
github.com/frisky1985/yuleDKCS/backend/cloud/hub/internal/error/error.go:311.2,312.10 2 0
github.com/frisky1985/yuleDKCS/backend/cloud/hub/internal/error/error.go:455.45,457.2 1 0
github.com/frisky1985/yuleDKCS/backend/cloud/hub/cmd/yuledkcs/main.go:19.13,30.16 8 0
github.com/frisky1985/yuleDKCS/backend/cloud/hub/cmd/yuledkcs/main.go:30.16,32.3 1 0
github.com/frisky1985/yuleDKCS/backend/cloud/hub/cmd/yuledkcs/main.go:33.2,43.18 4 0
github.com/frisky1985/yuleDKCS/backend/cloud/hub/cmd/yuledkcs/main.go:43.18,45.3 1 0
github.com/frisky1985/yuleDKCS/backend/cloud/hub/cmd/yuledkcs/main.go:48.2,50.15 2 0
github.com/frisky1985/yuleDKCS/backend/cloud/hub/cmd/yuledkcs/main.go:51.18,52.64 1 0
github.com/frisky1985/yuleDKCS/backend/cloud/hub/cmd/yuledkcs/main.go:54.21,55.56 1 0
github.com/frisky1985/yuleDKCS/backend/cloud/hub/cmd/yuledkcs/main.go:57.20,58.14 1 0
github.com/frisky1985/yuleDKCS/backend/cloud/hub/cmd/yuledkcs/main.go:59.10,60.73 1 0
github.com/frisky1985/yuleDKCS/backend/cloud/hub/cmd/yuledkcs/main.go:65.108,76.44 5 0
github.com/frisky1985/yuleDKCS/backend/cloud/hub/cmd/yuledkcs/main.go:76.44,78.3 1 0
github.com/frisky1985/yuleDKCS/backend/cloud/hub/cmd/yuledkcs/main.go:82.100,89.16 5 0
github.com/frisky1985/yuleDKCS/backend/cloud/hub/cmd/yuledkcs/main.go:89.16,91.3 1 0
github.com/frisky1985/yuleDKCS/backend/cloud/hub/cmd/yuledkcs/main.go:93.2,98.39 5 0
github.com/frisky1985/yuleDKCS/backend/cloud/hub/cmd/yuledkcs/main.go:98.39,100.3 1 0
github.com/frisky1985/yuleDKCS/backend/cloud/hub/cmd/yuledkcs/main.go:104.116,120.12 7 0
github.com/frisky1985/yuleDKCS/backend/cloud/hub/cmd/yuledkcs/main.go:120.12,122.45 2 0
github.com/frisky1985/yuleDKCS/backend/cloud/hub/cmd/yuledkcs/main.go:122.45,124.4 1 0
github.com/frisky1985/yuleDKCS/backend/cloud/hub/cmd/yuledkcs/main.go:127.2,128.66 2 0
github.com/frisky1985/yuleDKCS/backend/cloud/hub/cmd/hub/main.go:24.13,70.16 23 0
github.com/frisky1985/yuleDKCS/backend/cloud/hub/cmd/hub/main.go:70.16,72.3 1 0
github.com/frisky1985/yuleDKCS/backend/cloud/hub/cmd/hub/main.go:74.2,74.12 1 0
github.com/frisky1985/yuleDKCS/backend/cloud/hub/cmd/hub/main.go:74.12,76.44 2 0
github.com/frisky1985/yuleDKCS/backend/cloud/hub/cmd/hub/main.go:76.44,78.4 1 0
github.com/frisky1985/yuleDKCS/backend/cloud/hub/cmd/hub/main.go:81.2,81.12 1 0
github.com/frisky1985/yuleDKCS/backend/cloud/hub/cmd/hub/main.go:81.12,83.43 2 0
github.com/frisky1985/yuleDKCS/backend/cloud/hub/cmd/hub/main.go:83.43,85.4 1 0
github.com/frisky1985/yuleDKCS/backend/cloud/hub/cmd/hub/main.go:89.2,96.28 7 0
github.com/frisky1985/yuleDKCS/backend/cloud/hub/api/v1/hub.pb.go:53.36,57.2 3 1
github.com/frisky1985/yuleDKCS/backend/cloud/hub/api/v1/hub.pb.go:59.35,61.2 1 1
github.com/frisky1985/yuleDKCS/backend/cloud/hub/api/v1/hub.pb.go:63.58,65.2 1 1
github.com/frisky1985/yuleDKCS/backend/cloud/hub/api/v1/hub.pb.go:67.46,69.2 1 0
github.com/frisky1985/yuleDKCS/backend/cloud/hub/api/v1/hub.pb.go:71.52,73.2 1 0
github.com/frisky1985/yuleDKCS/backend/cloud/hub/api/v1/hub.pb.go:76.50,78.2 1 0
github.com/frisky1985/yuleDKCS/backend/cloud/hub/api/v1/hub.pb.go:115.42,119.2 3 1
github.com/frisky1985/yuleDKCS/backend/cloud/hub/api/v1/hub.pb.go:121.38,123.2 1 1
github.com/frisky1985/yuleDKCS/backend/cloud/hub/api/v1/hub.pb.go:125.61,127.2 1 1
github.com/frisky1985/yuleDKCS/backend/cloud/hub/api/v1/hub.pb.go:129.49,131.2 1 0
github.com/frisky1985/yuleDKCS/backend/cloud/hub/api/v1/hub.pb.go:133.55,135.2 1 0
github.com/frisky1985/yuleDKCS/backend/cloud/hub/api/v1/hub.pb.go:138.53,140.2 1 0
github.com/frisky1985/yuleDKCS/backend/cloud/hub/api/v1/hub.pb.go:171.34,175.2 3 1
github.com/frisky1985/yuleDKCS/backend/cloud/hub/api/v1/hub.pb.go:177.34,179.2 1 1
github.com/frisky1985/yuleDKCS/backend/cloud/hub/api/v1/hub.pb.go:181.57,183.2 1 1
github.com/frisky1985/yuleDKCS/backend/cloud/hub/api/v1/hub.pb.go:185.45,187.2 1 0
github.com/frisky1985/yuleDKCS/backend/cloud/hub/api/v1/hub.pb.go:189.51,191.2 1 0
github.com/frisky1985/yuleDKCS/backend/cloud/hub/api/v1/hub.pb.go:194.49,196.2 1 0
github.com/frisky1985/yuleDKCS/backend/cloud/hub/api/v1/hub.pb.go:227.38,231.2 3 1
github.com/frisky1985/yuleDKCS/backend/cloud/hub/api/v1/hub.pb.go:233.36,235.2 1 1
github.com/frisky1985/yuleDKCS/backend/cloud/hub/api/v1/hub.pb.go:237.59,239.2 1 1
github.com/frisky1985/yuleDKCS/backend/cloud/hub/api/v1/hub.pb.go:241.47,243.2 1 0
github.com/frisky1985/yuleDKCS/backend/cloud/hub/api/v1/hub.pb.go:245.53,247.2 1 0
github.com/frisky1985/yuleDKCS/backend/cloud/hub/api/v1/hub.pb.go:250.51,252.2 1 0
github.com/frisky1985/yuleDKCS/backend/cloud/hub/api/v1/hub.pb.go:269.31,274.2 4 0
github.com/frisky1985/yuleDKCS/backend/cloud/hub/api/v1/hub.pb.go:276.39,278.2 1 0
github.com/frisky1985/yuleDKCS/backend/cloud/hub/api/v1/hub.pb.go:280.37,280.38 0 0
github.com/frisky1985/yuleDKCS/backend/cloud/hub/api/v1/hub.pb.go:282.59,284.14 2 0
github.com/frisky1985/yuleDKCS/backend/cloud/hub/api/v1/hub.pb.go:284.14,286.34 2 0
github.com/frisky1985/yuleDKCS/backend/cloud/hub/api/v1/hub.pb.go:286.34,288.4 1 0
github.com/frisky1985/yuleDKCS/backend/cloud/hub/api/v1/hub.pb.go:289.3,289.12 1 0
github.com/frisky1985/yuleDKCS/backend/cloud/hub/api/v1/hub.pb.go:291.2,291.24 1 0
github.com/frisky1985/yuleDKCS/backend/cloud/hub/api/v1/hub.pb.go:295.50,297.2 1 0
github.com/frisky1985/yuleDKCS/backend/cloud/hub/api/v1/hub.pb.go:299.38,300.14 1 0
github.com/frisky1985/yuleDKCS/backend/cloud/hub/api/v1/hub.pb.go:300.14,302.3 1 0
github.com/frisky1985/yuleDKCS/backend/cloud/hub/api/v1/hub.pb.go:303.2,303.14 1 0
github.com/frisky1985/yuleDKCS/backend/cloud/hub/api/v1/hub.pb.go:306.40,307.14 1 0
github.com/frisky1985/yuleDKCS/backend/cloud/hub/api/v1/hub.pb.go:307.14,309.3 1 0
github.com/frisky1985/yuleDKCS/backend/cloud/hub/api/v1/hub.pb.go:310.2,310.14 1 0
github.com/frisky1985/yuleDKCS/backend/cloud/hub/api/v1/hub.pb.go:313.40,314.14 1 0
github.com/frisky1985/yuleDKCS/backend/cloud/hub/api/v1/hub.pb.go:314.14,316.3 1 0
github.com/frisky1985/yuleDKCS/backend/cloud/hub/api/v1/hub.pb.go:317.2,317.14 1 0
github.com/frisky1985/yuleDKCS/backend/cloud/hub/api/v1/hub.pb.go:320.39,321.14 1 0
github.com/frisky1985/yuleDKCS/backend/cloud/hub/api/v1/hub.pb.go:321.14,323.3 1 0
github.com/frisky1985/yuleDKCS/backend/cloud/hub/api/v1/hub.pb.go:324.2,324.14 1 0
github.com/frisky1985/yuleDKCS/backend/cloud/hub/api/v1/hub.pb.go:327.40,328.14 1 0
github.com/frisky1985/yuleDKCS/backend/cloud/hub/api/v1/hub.pb.go:328.14,330.3 1 0
github.com/frisky1985/yuleDKCS/backend/cloud/hub/api/v1/hub.pb.go:331.2,331.14 1 0
github.com/frisky1985/yuleDKCS/backend/cloud/hub/api/v1/hub.pb.go:334.41,335.14 1 0
github.com/frisky1985/yuleDKCS/backend/cloud/hub/api/v1/hub.pb.go:335.14,337.3 1 0
github.com/frisky1985/yuleDKCS/backend/cloud/hub/api/v1/hub.pb.go:338.2,338.14 1 0
github.com/frisky1985/yuleDKCS/backend/cloud/hub/api/v1/hub.pb.go:341.38,342.14 1 0
github.com/frisky1985/yuleDKCS/backend/cloud/hub/api/v1/hub.pb.go:342.14,344.3 1 0
github.com/frisky1985/yuleDKCS/backend/cloud/hub/api/v1/hub.pb.go:345.2,345.14 1 0
github.com/frisky1985/yuleDKCS/backend/cloud/hub/api/v1/hub.pb.go:348.38,349.14 1 0
github.com/frisky1985/yuleDKCS/backend/cloud/hub/api/v1/hub.pb.go:349.14,351.3 1 0
github.com/frisky1985/yuleDKCS/backend/cloud/hub/api/v1/hub.pb.go:352.2,352.14 1 0
github.com/frisky1985/yuleDKCS/backend/cloud/hub/api/v1/hub.pb.go:378.30,383.2 4 0
github.com/frisky1985/yuleDKCS/backend/cloud/hub/api/v1/hub.pb.go:385.38,387.2 1 0
github.com/frisky1985/yuleDKCS/backend/cloud/hub/api/v1/hub.pb.go:389.36,389.37 0 0
github.com/frisky1985/yuleDKCS/backend/cloud/hub/api/v1/hub.pb.go:391.58,393.14 2 0
github.com/frisky1985/yuleDKCS/backend/cloud/hub/api/v1/hub.pb.go:393.14,395.34 2 0
github.com/frisky1985/yuleDKCS/backend/cloud/hub/api/v1/hub.pb.go:395.34,397.4 1 0
github.com/frisky1985/yuleDKCS/backend/cloud/hub/api/v1/hub.pb.go:398.3,398.12 1 0
github.com/frisky1985/yuleDKCS/backend/cloud/hub/api/v1/hub.pb.go:400.2,400.24 1 0
github.com/frisky1985/yuleDKCS/backend/cloud/hub/api/v1/hub.pb.go:404.49,406.2 1 0
github.com/frisky1985/yuleDKCS/backend/cloud/hub/api/v1/hub.pb.go:408.40,409.14 1 0
github.com/frisky1985/yuleDKCS/backend/cloud/hub/api/v1/hub.pb.go:409.14,411.3 1 0
github.com/frisky1985/yuleDKCS/backend/cloud/hub/api/v1/hub.pb.go:412.2,412.11 1 0
github.com/frisky1985/yuleDKCS/backend/cloud/hub/api/v1/hub.pb.go:415.44,416.14 1 0
github.com/frisky1985/yuleDKCS/backend/cloud/hub/api/v1/hub.pb.go:416.14,418.3 1 0
github.com/frisky1985/yuleDKCS/backend/cloud/hub/api/v1/hub.pb.go:419.2,419.11 1 0
github.com/frisky1985/yuleDKCS/backend/cloud/hub/api/v1/hub.pb.go:422.43,423.14 1 0
github.com/frisky1985/yuleDKCS/backend/cloud/hub/api/v1/hub.pb.go:423.14,425.3 1 0
github.com/frisky1985/yuleDKCS/backend/cloud/hub/api/v1/hub.pb.go:426.2,426.11 1 0
github.com/frisky1985/yuleDKCS/backend/cloud/hub/api/v1/hub.pb.go:429.41,430.14 1 0
github.com/frisky1985/yuleDKCS/backend/cloud/hub/api/v1/hub.pb.go:430.14,432.3 1 0
github.com/frisky1985/yuleDKCS/backend/cloud/hub/api/v1/hub.pb.go:433.2,433.11 1 0
github.com/frisky1985/yuleDKCS/backend/cloud/hub/api/v1/hub.pb.go:436.43,437.14 1 0
github.com/frisky1985/yuleDKCS/backend/cloud/hub/api/v1/hub.pb.go:437.14,439.3 1 0
github.com/frisky1985/yuleDKCS/backend/cloud/hub/api/v1/hub.pb.go:440.2,440.37 1 0
github.com/frisky1985/yuleDKCS/backend/cloud/hub/api/v1/hub.pb.go:443.45,444.14 1 0
github.com/frisky1985/yuleDKCS/backend/cloud/hub/api/v1/hub.pb.go:444.14,446.3 1 0
github.com/frisky1985/yuleDKCS/backend/cloud/hub/api/v1/hub.pb.go:447.2,447.38 1 0
github.com/frisky1985/yuleDKCS/backend/cloud/hub/api/v1/hub.pb.go:450.52,451.14 1 0
github.com/frisky1985/yuleDKCS/backend/cloud/hub/api/v1/hub.pb.go:451.14,453.3 1 0
github.com/frisky1985/yuleDKCS/backend/cloud/hub/api/v1/hub.pb.go:454.2,454.12 1 0
github.com/frisky1985/yuleDKCS/backend/cloud/hub/api/v1/hub.pb.go:457.47,458.14 1 0
github.com/frisky1985/yuleDKCS/backend/cloud/hub/api/v1/hub.pb.go:458.14,460.3 1 0
github.com/frisky1985/yuleDKCS/backend/cloud/hub/api/v1/hub.pb.go:461.2,461.10 1 0
github.com/frisky1985/yuleDKCS/backend/cloud/hub/api/v1/hub.pb.go:464.60,465.14 1 0
github.com/frisky1985/yuleDKCS/backend/cloud/hub/api/v1/hub.pb.go:465.14,467.3 1 0
github.com/frisky1985/yuleDKCS/backend/cloud/hub/api/v1/hub.pb.go:468.2,468.12 1 0
github.com/frisky1985/yuleDKCS/backend/cloud/hub/api/v1/hub.pb.go:471.41,472.14 1 0
github.com/frisky1985/yuleDKCS/backend/cloud/hub/api/v1/hub.pb.go:472.14,474.3 1 0
github.com/frisky1985/yuleDKCS/backend/cloud/hub/api/v1/hub.pb.go:475.2,475.10 1 0
github.com/frisky1985/yuleDKCS/backend/cloud/hub/api/v1/hub.pb.go:478.43,479.14 1 0
github.com/frisky1985/yuleDKCS/backend/cloud/hub/api/v1/hub.pb.go:479.14,481.3 1 0
github.com/frisky1985/yuleDKCS/backend/cloud/hub/api/v1/hub.pb.go:482.2,482.10 1 0
github.com/frisky1985/yuleDKCS/backend/cloud/hub/api/v1/hub.pb.go:485.44,486.14 1 0
github.com/frisky1985/yuleDKCS/backend/cloud/hub/api/v1/hub.pb.go:486.14,488.3 1 0
github.com/frisky1985/yuleDKCS/backend/cloud/hub/api/v1/hub.pb.go:489.2,489.10 1 0
github.com/frisky1985/yuleDKCS/backend/cloud/hub/api/v1/hub.pb.go:492.44,493.14 1 0
github.com/frisky1985/yuleDKCS/backend/cloud/hub/api/v1/hub.pb.go:493.14,495.3 1 0
github.com/frisky1985/yuleDKCS/backend/cloud/hub/api/v1/hub.pb.go:496.2,496.41 1 0
github.com/frisky1985/yuleDKCS/backend/cloud/hub/api/v1/hub.pb.go:499.43,500.14 1 0
github.com/frisky1985/yuleDKCS/backend/cloud/hub/api/v1/hub.pb.go:500.14,502.3 1 0
github.com/frisky1985/yuleDKCS/backend/cloud/hub/api/v1/hub.pb.go:503.2,503.10 1 0
github.com/frisky1985/yuleDKCS/backend/cloud/hub/api/v1/hub.pb.go:506.44,507.14 1 0
github.com/frisky1985/yuleDKCS/backend/cloud/hub/api/v1/hub.pb.go:507.14,509.3 1 0
github.com/frisky1985/yuleDKCS/backend/cloud/hub/api/v1/hub.pb.go:510.2,510.10 1 0
github.com/frisky1985/yuleDKCS/backend/cloud/hub/api/v1/hub.pb.go:513.43,514.14 1 0
github.com/frisky1985/yuleDKCS/backend/cloud/hub/api/v1/hub.pb.go:514.14,516.3 1 0
github.com/frisky1985/yuleDKCS/backend/cloud/hub/api/v1/hub.pb.go:517.2,517.10 1 0
github.com/frisky1985/yuleDKCS/backend/cloud/hub/api/v1/hub.pb.go:529.35,534.2 4 0
github.com/frisky1985/yuleDKCS/backend/cloud/hub/api/v1/hub.pb.go:536.43,538.2 1 0
github.com/frisky1985/yuleDKCS/backend/cloud/hub/api/v1/hub.pb.go:540.41,540.42 0 0
github.com/frisky1985/yuleDKCS/backend/cloud/hub/api/v1/hub.pb.go:542.63,544.14 2 0
github.com/frisky1985/yuleDKCS/backend/cloud/hub/api/v1/hub.pb.go:544.14,546.34 2 0
github.com/frisky1985/yuleDKCS/backend/cloud/hub/api/v1/hub.pb.go:546.34,548.4 1 0
github.com/frisky1985/yuleDKCS/backend/cloud/hub/api/v1/hub.pb.go:549.3,549.12 1 0
github.com/frisky1985/yuleDKCS/backend/cloud/hub/api/v1/hub.pb.go:551.2,551.24 1 0
github.com/frisky1985/yuleDKCS/backend/cloud/hub/api/v1/hub.pb.go:555.54,557.2 1 0
github.com/frisky1985/yuleDKCS/backend/cloud/hub/api/v1/hub.pb.go:559.49,560.14 1 0
github.com/frisky1985/yuleDKCS/backend/cloud/hub/api/v1/hub.pb.go:560.14,562.3 1 0
github.com/frisky1985/yuleDKCS/backend/cloud/hub/api/v1/hub.pb.go:563.2,563.12 1 0
github.com/frisky1985/yuleDKCS/backend/cloud/hub/api/v1/hub.pb.go:566.49,567.14 1 0
github.com/frisky1985/yuleDKCS/backend/cloud/hub/api/v1/hub.pb.go:567.14,569.3 1 0
github.com/frisky1985/yuleDKCS/backend/cloud/hub/api/v1/hub.pb.go:570.2,570.11 1 0
github.com/frisky1985/yuleDKCS/backend/cloud/hub/api/v1/hub.pb.go:573.47,574.14 1 0
github.com/frisky1985/yuleDKCS/backend/cloud/hub/api/v1/hub.pb.go:574.14,576.3 1 0
github.com/frisky1985/yuleDKCS/backend/cloud/hub/api/v1/hub.pb.go:577.2,577.11 1 0
github.com/frisky1985/yuleDKCS/backend/cloud/hub/api/v1/hub.pb.go:597.34,602.2 4 0
github.com/frisky1985/yuleDKCS/backend/cloud/hub/api/v1/hub.pb.go:604.42,606.2 1 0
github.com/frisky1985/yuleDKCS/backend/cloud/hub/api/v1/hub.pb.go:608.40,608.41 0 0
github.com/frisky1985/yuleDKCS/backend/cloud/hub/api/v1/hub.pb.go:610.62,612.14 2 0
github.com/frisky1985/yuleDKCS/backend/cloud/hub/api/v1/hub.pb.go:612.14,614.34 2 0
github.com/frisky1985/yuleDKCS/backend/cloud/hub/api/v1/hub.pb.go:614.34,616.4 1 0
github.com/frisky1985/yuleDKCS/backend/cloud/hub/api/v1/hub.pb.go:617.3,617.12 1 0
github.com/frisky1985/yuleDKCS/backend/cloud/hub/api/v1/hub.pb.go:619.2,619.24 1 0
github.com/frisky1985/yuleDKCS/backend/cloud/hub/api/v1/hub.pb.go:623.53,625.2 1 0
github.com/frisky1985/yuleDKCS/backend/cloud/hub/api/v1/hub.pb.go:627.48,628.14 1 0
github.com/frisky1985/yuleDKCS/backend/cloud/hub/api/v1/hub.pb.go:628.14,630.3 1 0
github.com/frisky1985/yuleDKCS/backend/cloud/hub/api/v1/hub.pb.go:631.2,631.11 1 0
github.com/frisky1985/yuleDKCS/backend/cloud/hub/api/v1/hub.pb.go:634.47,635.14 1 0
github.com/frisky1985/yuleDKCS/backend/cloud/hub/api/v1/hub.pb.go:635.14,637.3 1 0
github.com/frisky1985/yuleDKCS/backend/cloud/hub/api/v1/hub.pb.go:638.2,638.11 1 0
github.com/frisky1985/yuleDKCS/backend/cloud/hub/api/v1/hub.pb.go:641.45,642.14 1 0
github.com/frisky1985/yuleDKCS/backend/cloud/hub/api/v1/hub.pb.go:642.14,644.3 1 0
github.com/frisky1985/yuleDKCS/backend/cloud/hub/api/v1/hub.pb.go:645.2,645.11 1 0
github.com/frisky1985/yuleDKCS/backend/cloud/hub/api/v1/hub.pb.go:648.50,649.14 1 0
github.com/frisky1985/yuleDKCS/backend/cloud/hub/api/v1/hub.pb.go:649.14,651.3 1 0
github.com/frisky1985/yuleDKCS/backend/cloud/hub/api/v1/hub.pb.go:652.2,652.39 1 0
github.com/frisky1985/yuleDKCS/backend/cloud/hub/api/v1/hub.pb.go:655.49,656.14 1 0
github.com/frisky1985/yuleDKCS/backend/cloud/hub/api/v1/hub.pb.go:656.14,658.3 1 0
github.com/frisky1985/yuleDKCS/backend/cloud/hub/api/v1/hub.pb.go:659.2,659.38 1 0
github.com/frisky1985/yuleDKCS/backend/cloud/hub/api/v1/hub.pb.go:662.47,663.14 1 0
github.com/frisky1985/yuleDKCS/backend/cloud/hub/api/v1/hub.pb.go:663.14,665.3 1 0
github.com/frisky1985/yuleDKCS/backend/cloud/hub/api/v1/hub.pb.go:666.2,666.37 1 0
github.com/frisky1985/yuleDKCS/backend/cloud/hub/api/v1/hub.pb.go:669.56,670.14 1 0
github.com/frisky1985/yuleDKCS/backend/cloud/hub/api/v1/hub.pb.go:670.14,672.3 1 0
github.com/frisky1985/yuleDKCS/backend/cloud/hub/api/v1/hub.pb.go:673.2,673.12 1 0
github.com/frisky1985/yuleDKCS/backend/cloud/hub/api/v1/hub.pb.go:676.51,677.14 1 0
github.com/frisky1985/yuleDKCS/backend/cloud/hub/api/v1/hub.pb.go:677.14,679.3 1 0
github.com/frisky1985/yuleDKCS/backend/cloud/hub/api/v1/hub.pb.go:680.2,680.12 1 0
github.com/frisky1985/yuleDKCS/backend/cloud/hub/api/v1/hub.pb.go:683.47,684.14 1 0
github.com/frisky1985/yuleDKCS/backend/cloud/hub/api/v1/hub.pb.go:684.14,686.3 1 0
github.com/frisky1985/yuleDKCS/backend/cloud/hub/api/v1/hub.pb.go:687.2,687.10 1 0
github.com/frisky1985/yuleDKCS/backend/cloud/hub/api/v1/hub.pb.go:690.48,691.14 1 0
github.com/frisky1985/yuleDKCS/backend/cloud/hub/api/v1/hub.pb.go:691.14,693.3 1 0
github.com/frisky1985/yuleDKCS/backend/cloud/hub/api/v1/hub.pb.go:694.2,694.10 1 0
github.com/frisky1985/yuleDKCS/backend/cloud/hub/api/v1/hub.pb.go:697.46,698.14 1 0
github.com/frisky1985/yuleDKCS/backend/cloud/hub/api/v1/hub.pb.go:698.14,700.3 1 0
github.com/frisky1985/yuleDKCS/backend/cloud/hub/api/v1/hub.pb.go:701.2,701.11 1 0
github.com/frisky1985/yuleDKCS/backend/cloud/hub/api/v1/hub.pb.go:715.35,720.2 4 0
github.com/frisky1985/yuleDKCS/backend/cloud/hub/api/v1/hub.pb.go:722.43,724.2 1 0
github.com/frisky1985/yuleDKCS/backend/cloud/hub/api/v1/hub.pb.go:726.41,726.42 0 0
github.com/frisky1985/yuleDKCS/backend/cloud/hub/api/v1/hub.pb.go:728.63,730.14 2 0
github.com/frisky1985/yuleDKCS/backend/cloud/hub/api/v1/hub.pb.go:730.14,732.34 2 0
github.com/frisky1985/yuleDKCS/backend/cloud/hub/api/v1/hub.pb.go:732.34,734.4 1 0
github.com/frisky1985/yuleDKCS/backend/cloud/hub/api/v1/hub.pb.go:735.3,735.12 1 0
github.com/frisky1985/yuleDKCS/backend/cloud/hub/api/v1/hub.pb.go:737.2,737.24 1 0
github.com/frisky1985/yuleDKCS/backend/cloud/hub/api/v1/hub.pb.go:741.54,743.2 1 0
github.com/frisky1985/yuleDKCS/backend/cloud/hub/api/v1/hub.pb.go:745.48,746.14 1 0
github.com/frisky1985/yuleDKCS/backend/cloud/hub/api/v1/hub.pb.go:746.14,748.3 1 0
github.com/frisky1985/yuleDKCS/backend/cloud/hub/api/v1/hub.pb.go:749.2,749.12 1 0
github.com/frisky1985/yuleDKCS/backend/cloud/hub/api/v1/hub.pb.go:752.53,753.14 1 0
github.com/frisky1985/yuleDKCS/backend/cloud/hub/api/v1/hub.pb.go:753.14,755.3 1 0
github.com/frisky1985/yuleDKCS/backend/cloud/hub/api/v1/hub.pb.go:756.2,756.12 1 0
github.com/frisky1985/yuleDKCS/backend/cloud/hub/api/v1/hub.pb.go:759.52,760.14 1 0
github.com/frisky1985/yuleDKCS/backend/cloud/hub/api/v1/hub.pb.go:760.14,762.3 1 0
github.com/frisky1985/yuleDKCS/backend/cloud/hub/api/v1/hub.pb.go:763.2,763.12 1 0
github.com/frisky1985/yuleDKCS/backend/cloud/hub/api/v1/hub.pb.go:766.49,767.14 1 0
github.com/frisky1985/yuleDKCS/backend/cloud/hub/api/v1/hub.pb.go:767.14,769.3 1 0
github.com/frisky1985/yuleDKCS/backend/cloud/hub/api/v1/hub.pb.go:770.2,770.11 1 0
github.com/frisky1985/yuleDKCS/backend/cloud/hub/api/v1/hub.pb.go:773.48,774.14 1 0
github.com/frisky1985/yuleDKCS/backend/cloud/hub/api/v1/hub.pb.go:774.14,776.3 1 0
github.com/frisky1985/yuleDKCS/backend/cloud/hub/api/v1/hub.pb.go:777.2,777.11 1 0
github.com/frisky1985/yuleDKCS/backend/cloud/hub/api/v1/hub.pb.go:788.36,793.2 4 0
github.com/frisky1985/yuleDKCS/backend/cloud/hub/api/v1/hub.pb.go:795.44,797.2 1 0
github.com/frisky1985/yuleDKCS/backend/cloud/hub/api/v1/hub.pb.go:799.42,799.43 0 0
github.com/frisky1985/yuleDKCS/backend/cloud/hub/api/v1/hub.pb.go:801.64,803.14 2 0
github.com/frisky1985/yuleDKCS/backend/cloud/hub/api/v1/hub.pb.go:803.14,805.34 2 0
github.com/frisky1985/yuleDKCS/backend/cloud/hub/api/v1/hub.pb.go:805.34,807.4 1 0
github.com/frisky1985/yuleDKCS/backend/cloud/hub/api/v1/hub.pb.go:808.3,808.12 1 0
github.com/frisky1985/yuleDKCS/backend/cloud/hub/api/v1/hub.pb.go:810.2,810.24 1 0
github.com/frisky1985/yuleDKCS/backend/cloud/hub/api/v1/hub.pb.go:814.55,816.2 1 0
github.com/frisky1985/yuleDKCS/backend/cloud/hub/api/v1/hub.pb.go:818.46,819.14 1 0
github.com/frisky1985/yuleDKCS/backend/cloud/hub/api/v1/hub.pb.go:819.14,821.3 1 0
github.com/frisky1985/yuleDKCS/backend/cloud/hub/api/v1/hub.pb.go:822.2,822.11 1 0
github.com/frisky1985/yuleDKCS/backend/cloud/hub/api/v1/hub.pb.go:825.48,826.14 1 0
github.com/frisky1985/yuleDKCS/backend/cloud/hub/api/v1/hub.pb.go:826.14,828.3 1 0
github.com/frisky1985/yuleDKCS/backend/cloud/hub/api/v1/hub.pb.go:829.2,829.11 1 0
github.com/frisky1985/yuleDKCS/backend/cloud/hub/api/v1/hub.pb.go:839.37,844.2 4 0
github.com/frisky1985/yuleDKCS/backend/cloud/hub/api/v1/hub.pb.go:846.45,848.2 1 0
github.com/frisky1985/yuleDKCS/backend/cloud/hub/api/v1/hub.pb.go:850.43,850.44 0 0
github.com/frisky1985/yuleDKCS/backend/cloud/hub/api/v1/hub.pb.go:852.65,854.14 2 0
github.com/frisky1985/yuleDKCS/backend/cloud/hub/api/v1/hub.pb.go:854.14,856.34 2 0
github.com/frisky1985/yuleDKCS/backend/cloud/hub/api/v1/hub.pb.go:856.34,858.4 1 0
github.com/frisky1985/yuleDKCS/backend/cloud/hub/api/v1/hub.pb.go:859.3,859.12 1 0
github.com/frisky1985/yuleDKCS/backend/cloud/hub/api/v1/hub.pb.go:861.2,861.24 1 0
github.com/frisky1985/yuleDKCS/backend/cloud/hub/api/v1/hub.pb.go:865.56,867.2 1 0
github.com/frisky1985/yuleDKCS/backend/cloud/hub/api/v1/hub.pb.go:869.51,870.14 1 0
github.com/frisky1985/yuleDKCS/backend/cloud/hub/api/v1/hub.pb.go:870.14,872.3 1 0
github.com/frisky1985/yuleDKCS/backend/cloud/hub/api/v1/hub.pb.go:873.2,873.11 1 0
github.com/frisky1985/yuleDKCS/backend/cloud/hub/api/v1/hub.pb.go:885.37,890.2 4 0
github.com/frisky1985/yuleDKCS/backend/cloud/hub/api/v1/hub.pb.go:892.45,894.2 1 0
github.com/frisky1985/yuleDKCS/backend/cloud/hub/api/v1/hub.pb.go:896.43,896.44 0 0
github.com/frisky1985/yuleDKCS/backend/cloud/hub/api/v1/hub.pb.go:898.65,900.14 2 0
github.com/frisky1985/yuleDKCS/backend/cloud/hub/api/v1/hub.pb.go:900.14,902.34 2 0
github.com/frisky1985/yuleDKCS/backend/cloud/hub/api/v1/hub.pb.go:902.34,904.4 1 0
github.com/frisky1985/yuleDKCS/backend/cloud/hub/api/v1/hub.pb.go:905.3,905.12 1 0
github.com/frisky1985/yuleDKCS/backend/cloud/hub/api/v1/hub.pb.go:907.2,907.24 1 0
github.com/frisky1985/yuleDKCS/backend/cloud/hub/api/v1/hub.pb.go:911.56,913.2 1 0
github.com/frisky1985/yuleDKCS/backend/cloud/hub/api/v1/hub.pb.go:915.47,916.14 1 0
github.com/frisky1985/yuleDKCS/backend/cloud/hub/api/v1/hub.pb.go:916.14,918.3 1 0
github.com/frisky1985/yuleDKCS/backend/cloud/hub/api/v1/hub.pb.go:919.2,919.11 1 0
github.com/frisky1985/yuleDKCS/backend/cloud/hub/api/v1/hub.pb.go:922.48,923.14 1 0
github.com/frisky1985/yuleDKCS/backend/cloud/hub/api/v1/hub.pb.go:923.14,925.3 1 0
github.com/frisky1985/yuleDKCS/backend/cloud/hub/api/v1/hub.pb.go:926.2,926.11 1 0
github.com/frisky1985/yuleDKCS/backend/cloud/hub/api/v1/hub.pb.go:929.49,930.14 1 0
github.com/frisky1985/yuleDKCS/backend/cloud/hub/api/v1/hub.pb.go:930.14,932.3 1 0
github.com/frisky1985/yuleDKCS/backend/cloud/hub/api/v1/hub.pb.go:933.2,933.11 1 0
github.com/frisky1985/yuleDKCS/backend/cloud/hub/api/v1/hub.pb.go:943.38,948.2 4 0
github.com/frisky1985/yuleDKCS/backend/cloud/hub/api/v1/hub.pb.go:950.46,952.2 1 0
github.com/frisky1985/yuleDKCS/backend/cloud/hub/api/v1/hub.pb.go:954.44,954.45 0 0
github.com/frisky1985/yuleDKCS/backend/cloud/hub/api/v1/hub.pb.go:956.66,958.14 2 0
github.com/frisky1985/yuleDKCS/backend/cloud/hub/api/v1/hub.pb.go:958.14,960.34 2 0
github.com/frisky1985/yuleDKCS/backend/cloud/hub/api/v1/hub.pb.go:960.34,962.4 1 0
github.com/frisky1985/yuleDKCS/backend/cloud/hub/api/v1/hub.pb.go:963.3,963.12 1 0
github.com/frisky1985/yuleDKCS/backend/cloud/hub/api/v1/hub.pb.go:965.2,965.24 1 0
github.com/frisky1985/yuleDKCS/backend/cloud/hub/api/v1/hub.pb.go:969.57,971.2 1 0
github.com/frisky1985/yuleDKCS/backend/cloud/hub/api/v1/hub.pb.go:973.52,974.14 1 0
github.com/frisky1985/yuleDKCS/backend/cloud/hub/api/v1/hub.pb.go:974.14,976.3 1 0
github.com/frisky1985/yuleDKCS/backend/cloud/hub/api/v1/hub.pb.go:977.2,977.11 1 0
github.com/frisky1985/yuleDKCS/backend/cloud/hub/api/v1/hub.pb.go:988.36,993.2 4 0
github.com/frisky1985/yuleDKCS/backend/cloud/hub/api/v1/hub.pb.go:995.44,997.2 1 0
github.com/frisky1985/yuleDKCS/backend/cloud/hub/api/v1/hub.pb.go:999.42,999.43 0 0
github.com/frisky1985/yuleDKCS/backend/cloud/hub/api/v1/hub.pb.go:1001.64,1003.14 2 0
github.com/frisky1985/yuleDKCS/backend/cloud/hub/api/v1/hub.pb.go:1003.14,1005.34 2 0
github.com/frisky1985/yuleDKCS/backend/cloud/hub/api/v1/hub.pb.go:1005.34,1007.4 1 0
github.com/frisky1985/yuleDKCS/backend/cloud/hub/api/v1/hub.pb.go:1008.3,1008.12 1 0
github.com/frisky1985/yuleDKCS/backend/cloud/hub/api/v1/hub.pb.go:1010.2,1010.24 1 0
github.com/frisky1985/yuleDKCS/backend/cloud/hub/api/v1/hub.pb.go:1014.55,1016.2 1 0
github.com/frisky1985/yuleDKCS/backend/cloud/hub/api/v1/hub.pb.go:1018.46,1019.14 1 0
github.com/frisky1985/yuleDKCS/backend/cloud/hub/api/v1/hub.pb.go:1019.14,1021.3 1 0
github.com/frisky1985/yuleDKCS/backend/cloud/hub/api/v1/hub.pb.go:1022.2,1022.11 1 0
github.com/frisky1985/yuleDKCS/backend/cloud/hub/api/v1/hub.pb.go:1025.48,1026.14 1 0
github.com/frisky1985/yuleDKCS/backend/cloud/hub/api/v1/hub.pb.go:1026.14,1028.3 1 0
github.com/frisky1985/yuleDKCS/backend/cloud/hub/api/v1/hub.pb.go:1029.2,1029.11 1 0
github.com/frisky1985/yuleDKCS/backend/cloud/hub/api/v1/hub.pb.go:1039.37,1044.2 4 0
github.com/frisky1985/yuleDKCS/backend/cloud/hub/api/v1/hub.pb.go:1046.45,1048.2 1 0
github.com/frisky1985/yuleDKCS/backend/cloud/hub/api/v1/hub.pb.go:1050.43,1050.44 0 0
github.com/frisky1985/yuleDKCS/backend/cloud/hub/api/v1/hub.pb.go:1052.65,1054.14 2 0
github.com/frisky1985/yuleDKCS/backend/cloud/hub/api/v1/hub.pb.go:1054.14,1056.34 2 0
github.com/frisky1985/yuleDKCS/backend/cloud/hub/api/v1/hub.pb.go:1056.34,1058.4 1 0
github.com/frisky1985/yuleDKCS/backend/cloud/hub/api/v1/hub.pb.go:1059.3,1059.12 1 0
github.com/frisky1985/yuleDKCS/backend/cloud/hub/api/v1/hub.pb.go:1061.2,1061.24 1 0
github.com/frisky1985/yuleDKCS/backend/cloud/hub/api/v1/hub.pb.go:1065.56,1067.2 1 0
github.com/frisky1985/yuleDKCS/backend/cloud/hub/api/v1/hub.pb.go:1069.51,1070.14 1 0
github.com/frisky1985/yuleDKCS/backend/cloud/hub/api/v1/hub.pb.go:1070.14,1072.3 1 0
github.com/frisky1985/yuleDKCS/backend/cloud/hub/api/v1/hub.pb.go:1073.2,1073.11 1 0
github.com/frisky1985/yuleDKCS/backend/cloud/hub/api/v1/hub.pb.go:1085.36,1090.2 4 0
github.com/frisky1985/yuleDKCS/backend/cloud/hub/api/v1/hub.pb.go:1092.44,1094.2 1 0
github.com/frisky1985/yuleDKCS/backend/cloud/hub/api/v1/hub.pb.go:1096.42,1096.43 0 0
github.com/frisky1985/yuleDKCS/backend/cloud/hub/api/v1/hub.pb.go:1098.64,1100.14 2 0
github.com/frisky1985/yuleDKCS/backend/cloud/hub/api/v1/hub.pb.go:1100.14,1102.34 2 0
github.com/frisky1985/yuleDKCS/backend/cloud/hub/api/v1/hub.pb.go:1102.34,1104.4 1 0
github.com/frisky1985/yuleDKCS/backend/cloud/hub/api/v1/hub.pb.go:1105.3,1105.12 1 0
github.com/frisky1985/yuleDKCS/backend/cloud/hub/api/v1/hub.pb.go:1107.2,1107.24 1 0
github.com/frisky1985/yuleDKCS/backend/cloud/hub/api/v1/hub.pb.go:1111.55,1113.2 1 0
github.com/frisky1985/yuleDKCS/backend/cloud/hub/api/v1/hub.pb.go:1115.46,1116.14 1 0
github.com/frisky1985/yuleDKCS/backend/cloud/hub/api/v1/hub.pb.go:1116.14,1118.3 1 0
github.com/frisky1985/yuleDKCS/backend/cloud/hub/api/v1/hub.pb.go:1119.2,1119.11 1 0
github.com/frisky1985/yuleDKCS/backend/cloud/hub/api/v1/hub.pb.go:1122.47,1123.14 1 0
github.com/frisky1985/yuleDKCS/backend/cloud/hub/api/v1/hub.pb.go:1123.14,1125.3 1 0
github.com/frisky1985/yuleDKCS/backend/cloud/hub/api/v1/hub.pb.go:1126.2,1126.11 1 0
github.com/frisky1985/yuleDKCS/backend/cloud/hub/api/v1/hub.pb.go:1129.48,1130.14 1 0
github.com/frisky1985/yuleDKCS/backend/cloud/hub/api/v1/hub.pb.go:1130.14,1132.3 1 0
github.com/frisky1985/yuleDKCS/backend/cloud/hub/api/v1/hub.pb.go:1133.2,1133.11 1 0
github.com/frisky1985/yuleDKCS/backend/cloud/hub/api/v1/hub.pb.go:1143.37,1148.2 4 0
github.com/frisky1985/yuleDKCS/backend/cloud/hub/api/v1/hub.pb.go:1150.45,1152.2 1 0
github.com/frisky1985/yuleDKCS/backend/cloud/hub/api/v1/hub.pb.go:1154.43,1154.44 0 0
github.com/frisky1985/yuleDKCS/backend/cloud/hub/api/v1/hub.pb.go:1156.65,1158.14 2 0
github.com/frisky1985/yuleDKCS/backend/cloud/hub/api/v1/hub.pb.go:1158.14,1160.34 2 0
github.com/frisky1985/yuleDKCS/backend/cloud/hub/api/v1/hub.pb.go:1160.34,1162.4 1 0
github.com/frisky1985/yuleDKCS/backend/cloud/hub/api/v1/hub.pb.go:1163.3,1163.12 1 0
github.com/frisky1985/yuleDKCS/backend/cloud/hub/api/v1/hub.pb.go:1165.2,1165.24 1 0
github.com/frisky1985/yuleDKCS/backend/cloud/hub/api/v1/hub.pb.go:1169.56,1171.2 1 0
github.com/frisky1985/yuleDKCS/backend/cloud/hub/api/v1/hub.pb.go:1173.51,1174.14 1 0
github.com/frisky1985/yuleDKCS/backend/cloud/hub/api/v1/hub.pb.go:1174.14,1176.3 1 0
github.com/frisky1985/yuleDKCS/backend/cloud/hub/api/v1/hub.pb.go:1177.2,1177.11 1 0
github.com/frisky1985/yuleDKCS/backend/cloud/hub/api/v1/hub.pb.go:1189.35,1194.2 4 0
github.com/frisky1985/yuleDKCS/backend/cloud/hub/api/v1/hub.pb.go:1196.43,1198.2 1 0
github.com/frisky1985/yuleDKCS/backend/cloud/hub/api/v1/hub.pb.go:1200.41,1200.42 0 0
github.com/frisky1985/yuleDKCS/backend/cloud/hub/api/v1/hub.pb.go:1202.63,1204.14 2 0
github.com/frisky1985/yuleDKCS/backend/cloud/hub/api/v1/hub.pb.go:1204.14,1206.34 2 0
github.com/frisky1985/yuleDKCS/backend/cloud/hub/api/v1/hub.pb.go:1206.34,1208.4 1 0
github.com/frisky1985/yuleDKCS/backend/cloud/hub/api/v1/hub.pb.go:1209.3,1209.12 1 0
github.com/frisky1985/yuleDKCS/backend/cloud/hub/api/v1/hub.pb.go:1211.2,1211.24 1 0
github.com/frisky1985/yuleDKCS/backend/cloud/hub/api/v1/hub.pb.go:1215.54,1217.2 1 0
github.com/frisky1985/yuleDKCS/backend/cloud/hub/api/v1/hub.pb.go:1219.45,1220.14 1 0
github.com/frisky1985/yuleDKCS/backend/cloud/hub/api/v1/hub.pb.go:1220.14,1222.3 1 0
github.com/frisky1985/yuleDKCS/backend/cloud/hub/api/v1/hub.pb.go:1223.2,1223.11 1 0
github.com/frisky1985/yuleDKCS/backend/cloud/hub/api/v1/hub.pb.go:1226.49,1227.14 1 0
github.com/frisky1985/yuleDKCS/backend/cloud/hub/api/v1/hub.pb.go:1227.14,1229.3 1 0
github.com/frisky1985/yuleDKCS/backend/cloud/hub/api/v1/hub.pb.go:1230.2,1230.10 1 0
github.com/frisky1985/yuleDKCS/backend/cloud/hub/api/v1/hub.pb.go:1233.47,1234.14 1 0
github.com/frisky1985/yuleDKCS/backend/cloud/hub/api/v1/hub.pb.go:1234.14,1236.3 1 0
github.com/frisky1985/yuleDKCS/backend/cloud/hub/api/v1/hub.pb.go:1237.2,1237.11 1 0
github.com/frisky1985/yuleDKCS/backend/cloud/hub/api/v1/hub.pb.go:1248.36,1253.2 4 0
github.com/frisky1985/yuleDKCS/backend/cloud/hub/api/v1/hub.pb.go:1255.44,1257.2 1 0
github.com/frisky1985/yuleDKCS/backend/cloud/hub/api/v1/hub.pb.go:1259.42,1259.43 0 0
github.com/frisky1985/yuleDKCS/backend/cloud/hub/api/v1/hub.pb.go:1261.64,1263.14 2 0
github.com/frisky1985/yuleDKCS/backend/cloud/hub/api/v1/hub.pb.go:1263.14,1265.34 2 0
github.com/frisky1985/yuleDKCS/backend/cloud/hub/api/v1/hub.pb.go:1265.34,1267.4 1 0
github.com/frisky1985/yuleDKCS/backend/cloud/hub/api/v1/hub.pb.go:1268.3,1268.12 1 0
github.com/frisky1985/yuleDKCS/backend/cloud/hub/api/v1/hub.pb.go:1270.2,1270.24 1 0
github.com/frisky1985/yuleDKCS/backend/cloud/hub/api/v1/hub.pb.go:1274.55,1276.2 1 0
github.com/frisky1985/yuleDKCS/backend/cloud/hub/api/v1/hub.pb.go:1278.49,1279.14 1 0
github.com/frisky1985/yuleDKCS/backend/cloud/hub/api/v1/hub.pb.go:1279.14,1281.3 1 0
github.com/frisky1985/yuleDKCS/backend/cloud/hub/api/v1/hub.pb.go:1282.2,1282.12 1 0
github.com/frisky1985/yuleDKCS/backend/cloud/hub/api/v1/hub.pb.go:1285.50,1286.14 1 0
github.com/frisky1985/yuleDKCS/backend/cloud/hub/api/v1/hub.pb.go:1286.14,1288.3 1 0
github.com/frisky1985/yuleDKCS/backend/cloud/hub/api/v1/hub.pb.go:1289.2,1289.11 1 0
github.com/frisky1985/yuleDKCS/backend/cloud/hub/api/v1/hub.pb.go:1299.33,1304.2 4 0
github.com/frisky1985/yuleDKCS/backend/cloud/hub/api/v1/hub.pb.go:1306.41,1308.2 1 0
github.com/frisky1985/yuleDKCS/backend/cloud/hub/api/v1/hub.pb.go:1310.39,1310.40 0 0
github.com/frisky1985/yuleDKCS/backend/cloud/hub/api/v1/hub.pb.go:1312.61,1314.14 2 0
github.com/frisky1985/yuleDKCS/backend/cloud/hub/api/v1/hub.pb.go:1314.14,1316.34 2 0
github.com/frisky1985/yuleDKCS/backend/cloud/hub/api/v1/hub.pb.go:1316.34,1318.4 1 0
github.com/frisky1985/yuleDKCS/backend/cloud/hub/api/v1/hub.pb.go:1319.3,1319.12 1 0
github.com/frisky1985/yuleDKCS/backend/cloud/hub/api/v1/hub.pb.go:1321.2,1321.24 1 0
github.com/frisky1985/yuleDKCS/backend/cloud/hub/api/v1/hub.pb.go:1325.52,1327.2 1 0
github.com/frisky1985/yuleDKCS/backend/cloud/hub/api/v1/hub.pb.go:1329.43,1330.14 1 0
github.com/frisky1985/yuleDKCS/backend/cloud/hub/api/v1/hub.pb.go:1330.14,1332.3 1 0
github.com/frisky1985/yuleDKCS/backend/cloud/hub/api/v1/hub.pb.go:1333.2,1333.11 1 0
github.com/frisky1985/yuleDKCS/backend/cloud/hub/api/v1/hub.pb.go:1344.34,1349.2 4 0
github.com/frisky1985/yuleDKCS/backend/cloud/hub/api/v1/hub.pb.go:1351.42,1353.2 1 0
github.com/frisky1985/yuleDKCS/backend/cloud/hub/api/v1/hub.pb.go:1355.40,1355.41 0 0
github.com/frisky1985/yuleDKCS/backend/cloud/hub/api/v1/hub.pb.go:1357.62,1359.14 2 0
github.com/frisky1985/yuleDKCS/backend/cloud/hub/api/v1/hub.pb.go:1359.14,1361.34 2 0
github.com/frisky1985/yuleDKCS/backend/cloud/hub/api/v1/hub.pb.go:1361.34,1363.4 1 0
github.com/frisky1985/yuleDKCS/backend/cloud/hub/api/v1/hub.pb.go:1364.3,1364.12 1 0
github.com/frisky1985/yuleDKCS/backend/cloud/hub/api/v1/hub.pb.go:1366.2,1366.24 1 0
github.com/frisky1985/yuleDKCS/backend/cloud/hub/api/v1/hub.pb.go:1370.53,1372.2 1 0
github.com/frisky1985/yuleDKCS/backend/cloud/hub/api/v1/hub.pb.go:1374.47,1375.14 1 0
github.com/frisky1985/yuleDKCS/backend/cloud/hub/api/v1/hub.pb.go:1375.14,1377.3 1 0
github.com/frisky1985/yuleDKCS/backend/cloud/hub/api/v1/hub.pb.go:1378.2,1378.12 1 0
github.com/frisky1985/yuleDKCS/backend/cloud/hub/api/v1/hub.pb.go:1381.48,1382.14 1 0
github.com/frisky1985/yuleDKCS/backend/cloud/hub/api/v1/hub.pb.go:1382.14,1384.3 1 0
github.com/frisky1985/yuleDKCS/backend/cloud/hub/api/v1/hub.pb.go:1385.2,1385.11 1 0
github.com/frisky1985/yuleDKCS/backend/cloud/hub/api/v1/hub.pb.go:1399.35,1404.2 4 0
github.com/frisky1985/yuleDKCS/backend/cloud/hub/api/v1/hub.pb.go:1406.43,1408.2 1 0
github.com/frisky1985/yuleDKCS/backend/cloud/hub/api/v1/hub.pb.go:1410.41,1410.42 0 0
github.com/frisky1985/yuleDKCS/backend/cloud/hub/api/v1/hub.pb.go:1412.63,1414.14 2 0
github.com/frisky1985/yuleDKCS/backend/cloud/hub/api/v1/hub.pb.go:1414.14,1416.34 2 0
github.com/frisky1985/yuleDKCS/backend/cloud/hub/api/v1/hub.pb.go:1416.34,1418.4 1 0
github.com/frisky1985/yuleDKCS/backend/cloud/hub/api/v1/hub.pb.go:1419.3,1419.12 1 0
github.com/frisky1985/yuleDKCS/backend/cloud/hub/api/v1/hub.pb.go:1421.2,1421.24 1 0
github.com/frisky1985/yuleDKCS/backend/cloud/hub/api/v1/hub.pb.go:1425.54,1427.2 1 0
github.com/frisky1985/yuleDKCS/backend/cloud/hub/api/v1/hub.pb.go:1429.49,1430.14 1 0
github.com/frisky1985/yuleDKCS/backend/cloud/hub/api/v1/hub.pb.go:1430.14,1432.3 1 0
github.com/frisky1985/yuleDKCS/backend/cloud/hub/api/v1/hub.pb.go:1433.2,1433.11 1 0
github.com/frisky1985/yuleDKCS/backend/cloud/hub/api/v1/hub.pb.go:1436.46,1437.14 1 0
github.com/frisky1985/yuleDKCS/backend/cloud/hub/api/v1/hub.pb.go:1437.14,1439.3 1 0
github.com/frisky1985/yuleDKCS/backend/cloud/hub/api/v1/hub.pb.go:1440.2,1440.11 1 0
github.com/frisky1985/yuleDKCS/backend/cloud/hub/api/v1/hub.pb.go:1443.49,1444.14 1 0
github.com/frisky1985/yuleDKCS/backend/cloud/hub/api/v1/hub.pb.go:1444.14,1446.3 1 0
github.com/frisky1985/yuleDKCS/backend/cloud/hub/api/v1/hub.pb.go:1447.2,1447.41 1 0
github.com/frisky1985/yuleDKCS/backend/cloud/hub/api/v1/hub.pb.go:1450.47,1451.14 1 0
github.com/frisky1985/yuleDKCS/backend/cloud/hub/api/v1/hub.pb.go:1451.14,1453.3 1 0
github.com/frisky1985/yuleDKCS/backend/cloud/hub/api/v1/hub.pb.go:1454.2,1454.10 1 0
github.com/frisky1985/yuleDKCS/backend/cloud/hub/api/v1/hub.pb.go:1457.49,1458.14 1 0
github.com/frisky1985/yuleDKCS/backend/cloud/hub/api/v1/hub.pb.go:1458.14,1460.3 1 0
github.com/frisky1985/yuleDKCS/backend/cloud/hub/api/v1/hub.pb.go:1461.2,1461.11 1 0
github.com/frisky1985/yuleDKCS/backend/cloud/hub/api/v1/hub.pb.go:1473.36,1478.2 4 0
github.com/frisky1985/yuleDKCS/backend/cloud/hub/api/v1/hub.pb.go:1480.44,1482.2 1 0
github.com/frisky1985/yuleDKCS/backend/cloud/hub/api/v1/hub.pb.go:1484.42,1484.43 0 0
github.com/frisky1985/yuleDKCS/backend/cloud/hub/api/v1/hub.pb.go:1486.64,1488.14 2 0
github.com/frisky1985/yuleDKCS/backend/cloud/hub/api/v1/hub.pb.go:1488.14,1490.34 2 0
github.com/frisky1985/yuleDKCS/backend/cloud/hub/api/v1/hub.pb.go:1490.34,1492.4 1 0
github.com/frisky1985/yuleDKCS/backend/cloud/hub/api/v1/hub.pb.go:1493.3,1493.12 1 0
github.com/frisky1985/yuleDKCS/backend/cloud/hub/api/v1/hub.pb.go:1495.2,1495.24 1 0
github.com/frisky1985/yuleDKCS/backend/cloud/hub/api/v1/hub.pb.go:1499.55,1501.2 1 0
github.com/frisky1985/yuleDKCS/backend/cloud/hub/api/v1/hub.pb.go:1503.52,1504.14 1 0
github.com/frisky1985/yuleDKCS/backend/cloud/hub/api/v1/hub.pb.go:1504.14,1506.3 1 0
github.com/frisky1985/yuleDKCS/backend/cloud/hub/api/v1/hub.pb.go:1507.2,1507.12 1 0
github.com/frisky1985/yuleDKCS/backend/cloud/hub/api/v1/hub.pb.go:1510.50,1511.14 1 0
github.com/frisky1985/yuleDKCS/backend/cloud/hub/api/v1/hub.pb.go:1511.14,1513.3 1 0
github.com/frisky1985/yuleDKCS/backend/cloud/hub/api/v1/hub.pb.go:1514.2,1514.11 1 0
github.com/frisky1985/yuleDKCS/backend/cloud/hub/api/v1/hub.pb.go:1517.45,1518.14 1 0
github.com/frisky1985/yuleDKCS/backend/cloud/hub/api/v1/hub.pb.go:1518.14,1520.3 1 0
github.com/frisky1985/yuleDKCS/backend/cloud/hub/api/v1/hub.pb.go:1521.2,1521.10 1 0
github.com/frisky1985/yuleDKCS/backend/cloud/hub/api/v1/hub.pb.go:1539.38,1544.2 4 0
github.com/frisky1985/yuleDKCS/backend/cloud/hub/api/v1/hub.pb.go:1546.46,1548.2 1 0
github.com/frisky1985/yuleDKCS/backend/cloud/hub/api/v1/hub.pb.go:1550.44,1550.45 0 0
github.com/frisky1985/yuleDKCS/backend/cloud/hub/api/v1/hub.pb.go:1552.66,1554.14 2 0
github.com/frisky1985/yuleDKCS/backend/cloud/hub/api/v1/hub.pb.go:1554.14,1556.34 2 0
github.com/frisky1985/yuleDKCS/backend/cloud/hub/api/v1/hub.pb.go:1556.34,1558.4 1 0
github.com/frisky1985/yuleDKCS/backend/cloud/hub/api/v1/hub.pb.go:1559.3,1559.12 1 0
github.com/frisky1985/yuleDKCS/backend/cloud/hub/api/v1/hub.pb.go:1561.2,1561.24 1 0
github.com/frisky1985/yuleDKCS/backend/cloud/hub/api/v1/hub.pb.go:1565.57,1567.2 1 0
github.com/frisky1985/yuleDKCS/backend/cloud/hub/api/v1/hub.pb.go:1569.48,1570.14 1 0
github.com/frisky1985/yuleDKCS/backend/cloud/hub/api/v1/hub.pb.go:1570.14,1572.3 1 0
github.com/frisky1985/yuleDKCS/backend/cloud/hub/api/v1/hub.pb.go:1573.2,1573.11 1 0
github.com/frisky1985/yuleDKCS/backend/cloud/hub/api/v1/hub.pb.go:1576.53,1577.14 1 0
github.com/frisky1985/yuleDKCS/backend/cloud/hub/api/v1/hub.pb.go:1577.14,1579.3 1 0
github.com/frisky1985/yuleDKCS/backend/cloud/hub/api/v1/hub.pb.go:1580.2,1580.11 1 0
github.com/frisky1985/yuleDKCS/backend/cloud/hub/api/v1/hub.pb.go:1583.56,1584.14 1 0
github.com/frisky1985/yuleDKCS/backend/cloud/hub/api/v1/hub.pb.go:1584.14,1586.3 1 0
github.com/frisky1985/yuleDKCS/backend/cloud/hub/api/v1/hub.pb.go:1587.2,1587.39 1 0
github.com/frisky1985/yuleDKCS/backend/cloud/hub/api/v1/hub.pb.go:1590.51,1591.14 1 0
github.com/frisky1985/yuleDKCS/backend/cloud/hub/api/v1/hub.pb.go:1591.14,1593.3 1 0
github.com/frisky1985/yuleDKCS/backend/cloud/hub/api/v1/hub.pb.go:1594.2,1594.11 1 0
github.com/frisky1985/yuleDKCS/backend/cloud/hub/api/v1/hub.pb.go:1597.60,1598.14 1 0
github.com/frisky1985/yuleDKCS/backend/cloud/hub/api/v1/hub.pb.go:1598.14,1600.3 1 0
github.com/frisky1985/yuleDKCS/backend/cloud/hub/api/v1/hub.pb.go:1601.2,1601.12 1 0
github.com/frisky1985/yuleDKCS/backend/cloud/hub/api/v1/hub.pb.go:1604.51,1605.14 1 0
github.com/frisky1985/yuleDKCS/backend/cloud/hub/api/v1/hub.pb.go:1605.14,1607.3 1 0
github.com/frisky1985/yuleDKCS/backend/cloud/hub/api/v1/hub.pb.go:1608.2,1608.10 1 0
github.com/frisky1985/yuleDKCS/backend/cloud/hub/api/v1/hub.pb.go:1611.52,1612.14 1 0
github.com/frisky1985/yuleDKCS/backend/cloud/hub/api/v1/hub.pb.go:1612.14,1614.3 1 0
github.com/frisky1985/yuleDKCS/backend/cloud/hub/api/v1/hub.pb.go:1615.2,1615.10 1 0
github.com/frisky1985/yuleDKCS/backend/cloud/hub/api/v1/hub.pb.go:1618.49,1619.14 1 0
github.com/frisky1985/yuleDKCS/backend/cloud/hub/api/v1/hub.pb.go:1619.14,1621.3 1 0
github.com/frisky1985/yuleDKCS/backend/cloud/hub/api/v1/hub.pb.go:1622.2,1622.10 1 0
github.com/frisky1985/yuleDKCS/backend/cloud/hub/api/v1/hub.pb.go:1625.50,1626.14 1 0
github.com/frisky1985/yuleDKCS/backend/cloud/hub/api/v1/hub.pb.go:1626.14,1628.3 1 0
github.com/frisky1985/yuleDKCS/backend/cloud/hub/api/v1/hub.pb.go:1629.2,1629.11 1 0
github.com/frisky1985/yuleDKCS/backend/cloud/hub/api/v1/hub.pb.go:1641.39,1646.2 4 0
github.com/frisky1985/yuleDKCS/backend/cloud/hub/api/v1/hub.pb.go:1648.47,1650.2 1 0
github.com/frisky1985/yuleDKCS/backend/cloud/hub/api/v1/hub.pb.go:1652.45,1652.46 0 0
github.com/frisky1985/yuleDKCS/backend/cloud/hub/api/v1/hub.pb.go:1654.67,1656.14 2 0
github.com/frisky1985/yuleDKCS/backend/cloud/hub/api/v1/hub.pb.go:1656.14,1658.34 2 0
github.com/frisky1985/yuleDKCS/backend/cloud/hub/api/v1/hub.pb.go:1658.34,1660.4 1 0
github.com/frisky1985/yuleDKCS/backend/cloud/hub/api/v1/hub.pb.go:1661.3,1661.12 1 0
github.com/frisky1985/yuleDKCS/backend/cloud/hub/api/v1/hub.pb.go:1663.2,1663.24 1 0
github.com/frisky1985/yuleDKCS/backend/cloud/hub/api/v1/hub.pb.go:1667.58,1669.2 1 0
github.com/frisky1985/yuleDKCS/backend/cloud/hub/api/v1/hub.pb.go:1671.51,1672.14 1 0
github.com/frisky1985/yuleDKCS/backend/cloud/hub/api/v1/hub.pb.go:1672.14,1674.3 1 0
github.com/frisky1985/yuleDKCS/backend/cloud/hub/api/v1/hub.pb.go:1675.2,1675.11 1 0
github.com/frisky1985/yuleDKCS/backend/cloud/hub/api/v1/hub.pb.go:1678.53,1679.14 1 0
github.com/frisky1985/yuleDKCS/backend/cloud/hub/api/v1/hub.pb.go:1679.14,1681.3 1 0
github.com/frisky1985/yuleDKCS/backend/cloud/hub/api/v1/hub.pb.go:1682.2,1682.11 1 0
github.com/frisky1985/yuleDKCS/backend/cloud/hub/api/v1/hub.pb.go:1685.53,1686.14 1 0
github.com/frisky1985/yuleDKCS/backend/cloud/hub/api/v1/hub.pb.go:1686.14,1688.3 1 0
github.com/frisky1985/yuleDKCS/backend/cloud/hub/api/v1/hub.pb.go:1689.2,1689.11 1 0
github.com/frisky1985/yuleDKCS/backend/cloud/hub/api/v1/hub.pb.go:1704.38,1709.2 4 0
github.com/frisky1985/yuleDKCS/backend/cloud/hub/api/v1/hub.pb.go:1711.46,1713.2 1 0
github.com/frisky1985/yuleDKCS/backend/cloud/hub/api/v1/hub.pb.go:1715.44,1715.45 0 0
github.com/frisky1985/yuleDKCS/backend/cloud/hub/api/v1/hub.pb.go:1717.66,1719.14 2 0
github.com/frisky1985/yuleDKCS/backend/cloud/hub/api/v1/hub.pb.go:1719.14,1721.34 2 0
github.com/frisky1985/yuleDKCS/backend/cloud/hub/api/v1/hub.pb.go:1721.34,1723.4 1 0
github.com/frisky1985/yuleDKCS/backend/cloud/hub/api/v1/hub.pb.go:1724.3,1724.12 1 0
github.com/frisky1985/yuleDKCS/backend/cloud/hub/api/v1/hub.pb.go:1726.2,1726.24 1 0
github.com/frisky1985/yuleDKCS/backend/cloud/hub/api/v1/hub.pb.go:1730.57,1732.2 1 0
github.com/frisky1985/yuleDKCS/backend/cloud/hub/api/v1/hub.pb.go:1734.52,1735.14 1 0
github.com/frisky1985/yuleDKCS/backend/cloud/hub/api/v1/hub.pb.go:1735.14,1737.3 1 0
github.com/frisky1985/yuleDKCS/backend/cloud/hub/api/v1/hub.pb.go:1738.2,1738.11 1 0
github.com/frisky1985/yuleDKCS/backend/cloud/hub/api/v1/hub.pb.go:1741.51,1742.14 1 0
github.com/frisky1985/yuleDKCS/backend/cloud/hub/api/v1/hub.pb.go:1742.14,1744.3 1 0
github.com/frisky1985/yuleDKCS/backend/cloud/hub/api/v1/hub.pb.go:1745.2,1745.11 1 0
github.com/frisky1985/yuleDKCS/backend/cloud/hub/api/v1/hub.pb.go:1748.49,1749.14 1 0
github.com/frisky1985/yuleDKCS/backend/cloud/hub/api/v1/hub.pb.go:1749.14,1751.3 1 0
github.com/frisky1985/yuleDKCS/backend/cloud/hub/api/v1/hub.pb.go:1752.2,1752.11 1 0
github.com/frisky1985/yuleDKCS/backend/cloud/hub/api/v1/hub.pb.go:1755.54,1756.14 1 0
github.com/frisky1985/yuleDKCS/backend/cloud/hub/api/v1/hub.pb.go:1756.14,1758.3 1 0
github.com/frisky1985/yuleDKCS/backend/cloud/hub/api/v1/hub.pb.go:1759.2,1759.39 1 0
github.com/frisky1985/yuleDKCS/backend/cloud/hub/api/v1/hub.pb.go:1762.55,1763.14 1 0
github.com/frisky1985/yuleDKCS/backend/cloud/hub/api/v1/hub.pb.go:1763.14,1765.3 1 0
github.com/frisky1985/yuleDKCS/backend/cloud/hub/api/v1/hub.pb.go:1766.2,1766.12 1 0
github.com/frisky1985/yuleDKCS/backend/cloud/hub/api/v1/hub.pb.go:1769.50,1770.14 1 0
github.com/frisky1985/yuleDKCS/backend/cloud/hub/api/v1/hub.pb.go:1770.14,1772.3 1 0
github.com/frisky1985/yuleDKCS/backend/cloud/hub/api/v1/hub.pb.go:1773.2,1773.11 1 0
github.com/frisky1985/yuleDKCS/backend/cloud/hub/api/v1/hub.pb.go:1785.39,1790.2 4 0
github.com/frisky1985/yuleDKCS/backend/cloud/hub/api/v1/hub.pb.go:1792.47,1794.2 1 0
github.com/frisky1985/yuleDKCS/backend/cloud/hub/api/v1/hub.pb.go:1796.45,1796.46 0 0
github.com/frisky1985/yuleDKCS/backend/cloud/hub/api/v1/hub.pb.go:1798.67,1800.14 2 0
github.com/frisky1985/yuleDKCS/backend/cloud/hub/api/v1/hub.pb.go:1800.14,1802.34 2 0
github.com/frisky1985/yuleDKCS/backend/cloud/hub/api/v1/hub.pb.go:1802.34,1804.4 1 0
github.com/frisky1985/yuleDKCS/backend/cloud/hub/api/v1/hub.pb.go:1805.3,1805.12 1 0
github.com/frisky1985/yuleDKCS/backend/cloud/hub/api/v1/hub.pb.go:1807.2,1807.24 1 0
github.com/frisky1985/yuleDKCS/backend/cloud/hub/api/v1/hub.pb.go:1811.58,1813.2 1 0
github.com/frisky1985/yuleDKCS/backend/cloud/hub/api/v1/hub.pb.go:1815.52,1816.14 1 0
github.com/frisky1985/yuleDKCS/backend/cloud/hub/api/v1/hub.pb.go:1816.14,1818.3 1 0
github.com/frisky1985/yuleDKCS/backend/cloud/hub/api/v1/hub.pb.go:1819.2,1819.12 1 0
github.com/frisky1985/yuleDKCS/backend/cloud/hub/api/v1/hub.pb.go:1822.56,1823.14 1 0
github.com/frisky1985/yuleDKCS/backend/cloud/hub/api/v1/hub.pb.go:1823.14,1825.3 1 0
github.com/frisky1985/yuleDKCS/backend/cloud/hub/api/v1/hub.pb.go:1826.2,1826.12 1 0
github.com/frisky1985/yuleDKCS/backend/cloud/hub/api/v1/hub.pb.go:1829.53,1830.14 1 0
github.com/frisky1985/yuleDKCS/backend/cloud/hub/api/v1/hub.pb.go:1830.14,1832.3 1 0
github.com/frisky1985/yuleDKCS/backend/cloud/hub/api/v1/hub.pb.go:1833.2,1833.11 1 0
github.com/frisky1985/yuleDKCS/backend/cloud/hub/api/v1/hub.pb.go:1844.38,1849.2 4 0
github.com/frisky1985/yuleDKCS/backend/cloud/hub/api/v1/hub.pb.go:1851.46,1853.2 1 0
github.com/frisky1985/yuleDKCS/backend/cloud/hub/api/v1/hub.pb.go:1855.44,1855.45 0 0
github.com/frisky1985/yuleDKCS/backend/cloud/hub/api/v1/hub.pb.go:1857.66,1859.14 2 0
github.com/frisky1985/yuleDKCS/backend/cloud/hub/api/v1/hub.pb.go:1859.14,1861.34 2 0
github.com/frisky1985/yuleDKCS/backend/cloud/hub/api/v1/hub.pb.go:1861.34,1863.4 1 0
github.com/frisky1985/yuleDKCS/backend/cloud/hub/api/v1/hub.pb.go:1864.3,1864.12 1 0
github.com/frisky1985/yuleDKCS/backend/cloud/hub/api/v1/hub.pb.go:1866.2,1866.24 1 0
github.com/frisky1985/yuleDKCS/backend/cloud/hub/api/v1/hub.pb.go:1870.57,1872.2 1 0
github.com/frisky1985/yuleDKCS/backend/cloud/hub/api/v1/hub.pb.go:1874.50,1875.14 1 0
github.com/frisky1985/yuleDKCS/backend/cloud/hub/api/v1/hub.pb.go:1875.14,1877.3 1 0
github.com/frisky1985/yuleDKCS/backend/cloud/hub/api/v1/hub.pb.go:1878.2,1878.11 1 0
github.com/frisky1985/yuleDKCS/backend/cloud/hub/api/v1/hub.pb.go:1881.50,1882.14 1 0
github.com/frisky1985/yuleDKCS/backend/cloud/hub/api/v1/hub.pb.go:1882.14,1884.3 1 0
github.com/frisky1985/yuleDKCS/backend/cloud/hub/api/v1/hub.pb.go:1885.2,1885.11 1 0
github.com/frisky1985/yuleDKCS/backend/cloud/hub/api/v1/hub.pb.go:1895.39,1900.2 4 0
github.com/frisky1985/yuleDKCS/backend/cloud/hub/api/v1/hub.pb.go:1902.47,1904.2 1 0
github.com/frisky1985/yuleDKCS/backend/cloud/hub/api/v1/hub.pb.go:1906.45,1906.46 0 0
github.com/frisky1985/yuleDKCS/backend/cloud/hub/api/v1/hub.pb.go:1908.67,1910.14 2 0
github.com/frisky1985/yuleDKCS/backend/cloud/hub/api/v1/hub.pb.go:1910.14,1912.34 2 0
github.com/frisky1985/yuleDKCS/backend/cloud/hub/api/v1/hub.pb.go:1912.34,1914.4 1 0
github.com/frisky1985/yuleDKCS/backend/cloud/hub/api/v1/hub.pb.go:1915.3,1915.12 1 0
github.com/frisky1985/yuleDKCS/backend/cloud/hub/api/v1/hub.pb.go:1917.2,1917.24 1 0
github.com/frisky1985/yuleDKCS/backend/cloud/hub/api/v1/hub.pb.go:1921.58,1923.2 1 0
github.com/frisky1985/yuleDKCS/backend/cloud/hub/api/v1/hub.pb.go:1925.53,1926.14 1 0
github.com/frisky1985/yuleDKCS/backend/cloud/hub/api/v1/hub.pb.go:1926.14,1928.3 1 0
github.com/frisky1985/yuleDKCS/backend/cloud/hub/api/v1/hub.pb.go:1929.2,1929.11 1 0
github.com/frisky1985/yuleDKCS/backend/cloud/hub/api/v1/hub.pb.go:1939.35,1944.2 4 0
github.com/frisky1985/yuleDKCS/backend/cloud/hub/api/v1/hub.pb.go:1946.43,1948.2 1 0
github.com/frisky1985/yuleDKCS/backend/cloud/hub/api/v1/hub.pb.go:1950.41,1950.42 0 0
github.com/frisky1985/yuleDKCS/backend/cloud/hub/api/v1/hub.pb.go:1952.63,1954.14 2 0
github.com/frisky1985/yuleDKCS/backend/cloud/hub/api/v1/hub.pb.go:1954.14,1956.34 2 0
github.com/frisky1985/yuleDKCS/backend/cloud/hub/api/v1/hub.pb.go:1956.34,1958.4 1 0
github.com/frisky1985/yuleDKCS/backend/cloud/hub/api/v1/hub.pb.go:1959.3,1959.12 1 0
github.com/frisky1985/yuleDKCS/backend/cloud/hub/api/v1/hub.pb.go:1961.2,1961.24 1 0
github.com/frisky1985/yuleDKCS/backend/cloud/hub/api/v1/hub.pb.go:1965.54,1967.2 1 0
github.com/frisky1985/yuleDKCS/backend/cloud/hub/api/v1/hub.pb.go:1969.47,1970.14 1 0
github.com/frisky1985/yuleDKCS/backend/cloud/hub/api/v1/hub.pb.go:1970.14,1972.3 1 0
github.com/frisky1985/yuleDKCS/backend/cloud/hub/api/v1/hub.pb.go:1973.2,1973.11 1 0
github.com/frisky1985/yuleDKCS/backend/cloud/hub/api/v1/hub.pb.go:1989.36,1994.2 4 0
github.com/frisky1985/yuleDKCS/backend/cloud/hub/api/v1/hub.pb.go:1996.44,1998.2 1 0
github.com/frisky1985/yuleDKCS/backend/cloud/hub/api/v1/hub.pb.go:2000.42,2000.43 0 0
github.com/frisky1985/yuleDKCS/backend/cloud/hub/api/v1/hub.pb.go:2002.64,2004.14 2 0
github.com/frisky1985/yuleDKCS/backend/cloud/hub/api/v1/hub.pb.go:2004.14,2006.34 2 0
github.com/frisky1985/yuleDKCS/backend/cloud/hub/api/v1/hub.pb.go:2006.34,2008.4 1 0
github.com/frisky1985/yuleDKCS/backend/cloud/hub/api/v1/hub.pb.go:2009.3,2009.12 1 0
github.com/frisky1985/yuleDKCS/backend/cloud/hub/api/v1/hub.pb.go:2011.2,2011.24 1 0
github.com/frisky1985/yuleDKCS/backend/cloud/hub/api/v1/hub.pb.go:2015.55,2017.2 1 0
github.com/frisky1985/yuleDKCS/backend/cloud/hub/api/v1/hub.pb.go:2019.48,2020.14 1 0
github.com/frisky1985/yuleDKCS/backend/cloud/hub/api/v1/hub.pb.go:2020.14,2022.3 1 0
github.com/frisky1985/yuleDKCS/backend/cloud/hub/api/v1/hub.pb.go:2023.2,2023.11 1 0
github.com/frisky1985/yuleDKCS/backend/cloud/hub/api/v1/hub.pb.go:2026.46,2027.14 1 0
github.com/frisky1985/yuleDKCS/backend/cloud/hub/api/v1/hub.pb.go:2027.14,2029.3 1 0
github.com/frisky1985/yuleDKCS/backend/cloud/hub/api/v1/hub.pb.go:2030.2,2030.11 1 0
github.com/frisky1985/yuleDKCS/backend/cloud/hub/api/v1/hub.pb.go:2033.51,2034.14 1 0
github.com/frisky1985/yuleDKCS/backend/cloud/hub/api/v1/hub.pb.go:2034.14,2036.3 1 0
github.com/frisky1985/yuleDKCS/backend/cloud/hub/api/v1/hub.pb.go:2037.2,2037.11 1 0
github.com/frisky1985/yuleDKCS/backend/cloud/hub/api/v1/hub.pb.go:2040.58,2041.14 1 0
github.com/frisky1985/yuleDKCS/backend/cloud/hub/api/v1/hub.pb.go:2041.14,2043.3 1 0
github.com/frisky1985/yuleDKCS/backend/cloud/hub/api/v1/hub.pb.go:2044.2,2044.12 1 0
github.com/frisky1985/yuleDKCS/backend/cloud/hub/api/v1/hub.pb.go:2047.49,2048.14 1 0
github.com/frisky1985/yuleDKCS/backend/cloud/hub/api/v1/hub.pb.go:2048.14,2050.3 1 0
github.com/frisky1985/yuleDKCS/backend/cloud/hub/api/v1/hub.pb.go:2051.2,2051.10 1 0
github.com/frisky1985/yuleDKCS/backend/cloud/hub/api/v1/hub.pb.go:2054.50,2055.14 1 0
github.com/frisky1985/yuleDKCS/backend/cloud/hub/api/v1/hub.pb.go:2055.14,2057.3 1 0
github.com/frisky1985/yuleDKCS/backend/cloud/hub/api/v1/hub.pb.go:2058.2,2058.10 1 0
github.com/frisky1985/yuleDKCS/backend/cloud/hub/api/v1/hub.pb.go:2061.50,2062.14 1 0
github.com/frisky1985/yuleDKCS/backend/cloud/hub/api/v1/hub.pb.go:2062.14,2064.3 1 0
github.com/frisky1985/yuleDKCS/backend/cloud/hub/api/v1/hub.pb.go:2065.2,2065.11 1 0
github.com/frisky1985/yuleDKCS/backend/cloud/hub/api/v1/hub.pb.go:2081.41,2086.2 4 0
github.com/frisky1985/yuleDKCS/backend/cloud/hub/api/v1/hub.pb.go:2088.49,2090.2 1 0
github.com/frisky1985/yuleDKCS/backend/cloud/hub/api/v1/hub.pb.go:2092.47,2092.48 0 0
github.com/frisky1985/yuleDKCS/backend/cloud/hub/api/v1/hub.pb.go:2094.69,2096.14 2 0
github.com/frisky1985/yuleDKCS/backend/cloud/hub/api/v1/hub.pb.go:2096.14,2098.34 2 0
github.com/frisky1985/yuleDKCS/backend/cloud/hub/api/v1/hub.pb.go:2098.34,2100.4 1 0
github.com/frisky1985/yuleDKCS/backend/cloud/hub/api/v1/hub.pb.go:2101.3,2101.12 1 0
github.com/frisky1985/yuleDKCS/backend/cloud/hub/api/v1/hub.pb.go:2103.2,2103.24 1 0
github.com/frisky1985/yuleDKCS/backend/cloud/hub/api/v1/hub.pb.go:2107.60,2109.2 1 0
github.com/frisky1985/yuleDKCS/backend/cloud/hub/api/v1/hub.pb.go:2111.55,2112.14 1 0
github.com/frisky1985/yuleDKCS/backend/cloud/hub/api/v1/hub.pb.go:2112.14,2114.3 1 0
github.com/frisky1985/yuleDKCS/backend/cloud/hub/api/v1/hub.pb.go:2115.2,2115.11 1 0
github.com/frisky1985/yuleDKCS/backend/cloud/hub/api/v1/hub.pb.go:2118.52,2119.14 1 0
github.com/frisky1985/yuleDKCS/backend/cloud/hub/api/v1/hub.pb.go:2119.14,2121.3 1 0
github.com/frisky1985/yuleDKCS/backend/cloud/hub/api/v1/hub.pb.go:2122.2,2122.11 1 0
github.com/frisky1985/yuleDKCS/backend/cloud/hub/api/v1/hub.pb.go:2125.51,2126.14 1 0
github.com/frisky1985/yuleDKCS/backend/cloud/hub/api/v1/hub.pb.go:2126.14,2128.3 1 0
github.com/frisky1985/yuleDKCS/backend/cloud/hub/api/v1/hub.pb.go:2129.2,2129.11 1 0
github.com/frisky1985/yuleDKCS/backend/cloud/hub/api/v1/hub.pb.go:2132.52,2133.14 1 0
github.com/frisky1985/yuleDKCS/backend/cloud/hub/api/v1/hub.pb.go:2133.14,2135.3 1 0
github.com/frisky1985/yuleDKCS/backend/cloud/hub/api/v1/hub.pb.go:2136.2,2136.11 1 0
github.com/frisky1985/yuleDKCS/backend/cloud/hub/api/v1/hub.pb.go:2139.52,2140.14 1 0
github.com/frisky1985/yuleDKCS/backend/cloud/hub/api/v1/hub.pb.go:2140.14,2142.3 1 0
github.com/frisky1985/yuleDKCS/backend/cloud/hub/api/v1/hub.pb.go:2143.2,2143.12 1 0
github.com/frisky1985/yuleDKCS/backend/cloud/hub/api/v1/hub.pb.go:2146.51,2147.14 1 0
github.com/frisky1985/yuleDKCS/backend/cloud/hub/api/v1/hub.pb.go:2147.14,2149.3 1 0
github.com/frisky1985/yuleDKCS/backend/cloud/hub/api/v1/hub.pb.go:2150.2,2150.10 1 0
github.com/frisky1985/yuleDKCS/backend/cloud/hub/api/v1/hub.pb.go:2153.53,2154.14 1 0
github.com/frisky1985/yuleDKCS/backend/cloud/hub/api/v1/hub.pb.go:2154.14,2156.3 1 0
github.com/frisky1985/yuleDKCS/backend/cloud/hub/api/v1/hub.pb.go:2157.2,2157.11 1 0
github.com/frisky1985/yuleDKCS/backend/cloud/hub/api/v1/hub.pb.go:2169.42,2174.2 4 0
github.com/frisky1985/yuleDKCS/backend/cloud/hub/api/v1/hub.pb.go:2176.50,2178.2 1 0
github.com/frisky1985/yuleDKCS/backend/cloud/hub/api/v1/hub.pb.go:2180.48,2180.49 0 0
github.com/frisky1985/yuleDKCS/backend/cloud/hub/api/v1/hub.pb.go:2182.70,2184.14 2 0
github.com/frisky1985/yuleDKCS/backend/cloud/hub/api/v1/hub.pb.go:2184.14,2186.34 2 0
github.com/frisky1985/yuleDKCS/backend/cloud/hub/api/v1/hub.pb.go:2186.34,2188.4 1 0
github.com/frisky1985/yuleDKCS/backend/cloud/hub/api/v1/hub.pb.go:2189.3,2189.12 1 0
github.com/frisky1985/yuleDKCS/backend/cloud/hub/api/v1/hub.pb.go:2191.2,2191.24 1 0
github.com/frisky1985/yuleDKCS/backend/cloud/hub/api/v1/hub.pb.go:2195.61,2197.2 1 0
github.com/frisky1985/yuleDKCS/backend/cloud/hub/api/v1/hub.pb.go:2199.52,2200.14 1 0
github.com/frisky1985/yuleDKCS/backend/cloud/hub/api/v1/hub.pb.go:2200.14,2202.3 1 0
github.com/frisky1985/yuleDKCS/backend/cloud/hub/api/v1/hub.pb.go:2203.2,2203.11 1 0
github.com/frisky1985/yuleDKCS/backend/cloud/hub/api/v1/hub.pb.go:2206.56,2207.14 1 0
github.com/frisky1985/yuleDKCS/backend/cloud/hub/api/v1/hub.pb.go:2207.14,2209.3 1 0
github.com/frisky1985/yuleDKCS/backend/cloud/hub/api/v1/hub.pb.go:2210.2,2210.10 1 0
github.com/frisky1985/yuleDKCS/backend/cloud/hub/api/v1/hub.pb.go:2213.55,2214.14 1 0
github.com/frisky1985/yuleDKCS/backend/cloud/hub/api/v1/hub.pb.go:2214.14,2216.3 1 0
github.com/frisky1985/yuleDKCS/backend/cloud/hub/api/v1/hub.pb.go:2217.2,2217.11 1 0
github.com/frisky1985/yuleDKCS/backend/cloud/hub/api/v1/hub.pb.go:2227.40,2232.2 4 0
github.com/frisky1985/yuleDKCS/backend/cloud/hub/api/v1/hub.pb.go:2234.48,2236.2 1 0
github.com/frisky1985/yuleDKCS/backend/cloud/hub/api/v1/hub.pb.go:2238.46,2238.47 0 0
github.com/frisky1985/yuleDKCS/backend/cloud/hub/api/v1/hub.pb.go:2240.68,2242.14 2 0
github.com/frisky1985/yuleDKCS/backend/cloud/hub/api/v1/hub.pb.go:2242.14,2244.34 2 0
github.com/frisky1985/yuleDKCS/backend/cloud/hub/api/v1/hub.pb.go:2244.34,2246.4 1 0
github.com/frisky1985/yuleDKCS/backend/cloud/hub/api/v1/hub.pb.go:2247.3,2247.12 1 0
github.com/frisky1985/yuleDKCS/backend/cloud/hub/api/v1/hub.pb.go:2249.2,2249.24 1 0
github.com/frisky1985/yuleDKCS/backend/cloud/hub/api/v1/hub.pb.go:2253.59,2255.2 1 0
github.com/frisky1985/yuleDKCS/backend/cloud/hub/api/v1/hub.pb.go:2257.54,2258.14 1 0
github.com/frisky1985/yuleDKCS/backend/cloud/hub/api/v1/hub.pb.go:2258.14,2260.3 1 0
github.com/frisky1985/yuleDKCS/backend/cloud/hub/api/v1/hub.pb.go:2261.2,2261.11 1 0
github.com/frisky1985/yuleDKCS/backend/cloud/hub/api/v1/hub.pb.go:2281.39,2286.2 4 0
github.com/frisky1985/yuleDKCS/backend/cloud/hub/api/v1/hub.pb.go:2288.47,2290.2 1 0
github.com/frisky1985/yuleDKCS/backend/cloud/hub/api/v1/hub.pb.go:2292.45,2292.46 0 0
github.com/frisky1985/yuleDKCS/backend/cloud/hub/api/v1/hub.pb.go:2294.67,2296.14 2 0
github.com/frisky1985/yuleDKCS/backend/cloud/hub/api/v1/hub.pb.go:2296.14,2298.34 2 0
github.com/frisky1985/yuleDKCS/backend/cloud/hub/api/v1/hub.pb.go:2298.34,2300.4 1 0
github.com/frisky1985/yuleDKCS/backend/cloud/hub/api/v1/hub.pb.go:2301.3,2301.12 1 0
github.com/frisky1985/yuleDKCS/backend/cloud/hub/api/v1/hub.pb.go:2303.2,2303.24 1 0
github.com/frisky1985/yuleDKCS/backend/cloud/hub/api/v1/hub.pb.go:2307.58,2309.2 1 0
github.com/frisky1985/yuleDKCS/backend/cloud/hub/api/v1/hub.pb.go:2311.53,2312.14 1 0
github.com/frisky1985/yuleDKCS/backend/cloud/hub/api/v1/hub.pb.go:2312.14,2314.3 1 0
github.com/frisky1985/yuleDKCS/backend/cloud/hub/api/v1/hub.pb.go:2315.2,2315.11 1 0
github.com/frisky1985/yuleDKCS/backend/cloud/hub/api/v1/hub.pb.go:2318.53,2319.14 1 0
github.com/frisky1985/yuleDKCS/backend/cloud/hub/api/v1/hub.pb.go:2319.14,2321.3 1 0
github.com/frisky1985/yuleDKCS/backend/cloud/hub/api/v1/hub.pb.go:2322.2,2322.10 1 0
github.com/frisky1985/yuleDKCS/backend/cloud/hub/api/v1/hub.pb.go:2325.55,2326.14 1 0
github.com/frisky1985/yuleDKCS/backend/cloud/hub/api/v1/hub.pb.go:2326.14,2328.3 1 0
github.com/frisky1985/yuleDKCS/backend/cloud/hub/api/v1/hub.pb.go:2329.2,2329.10 1 0
github.com/frisky1985/yuleDKCS/backend/cloud/hub/api/v1/hub.pb.go:2332.53,2333.14 1 0
github.com/frisky1985/yuleDKCS/backend/cloud/hub/api/v1/hub.pb.go:2333.14,2335.3 1 0
github.com/frisky1985/yuleDKCS/backend/cloud/hub/api/v1/hub.pb.go:2336.2,2336.10 1 0
github.com/frisky1985/yuleDKCS/backend/cloud/hub/api/v1/hub.pb.go:2339.55,2340.14 1 0
github.com/frisky1985/yuleDKCS/backend/cloud/hub/api/v1/hub.pb.go:2340.14,2342.3 1 0
github.com/frisky1985/yuleDKCS/backend/cloud/hub/api/v1/hub.pb.go:2343.2,2343.10 1 0
github.com/frisky1985/yuleDKCS/backend/cloud/hub/api/v1/hub.pb.go:2346.53,2347.14 1 0
github.com/frisky1985/yuleDKCS/backend/cloud/hub/api/v1/hub.pb.go:2347.14,2349.3 1 0
github.com/frisky1985/yuleDKCS/backend/cloud/hub/api/v1/hub.pb.go:2350.2,2350.10 1 0
github.com/frisky1985/yuleDKCS/backend/cloud/hub/api/v1/hub.pb.go:2353.55,2354.14 1 0
github.com/frisky1985/yuleDKCS/backend/cloud/hub/api/v1/hub.pb.go:2354.14,2356.3 1 0
github.com/frisky1985/yuleDKCS/backend/cloud/hub/api/v1/hub.pb.go:2357.2,2357.10 1 0
github.com/frisky1985/yuleDKCS/backend/cloud/hub/api/v1/hub.pb.go:2360.54,2361.14 1 0
github.com/frisky1985/yuleDKCS/backend/cloud/hub/api/v1/hub.pb.go:2361.14,2363.3 1 0
github.com/frisky1985/yuleDKCS/backend/cloud/hub/api/v1/hub.pb.go:2364.2,2364.10 1 0
github.com/frisky1985/yuleDKCS/backend/cloud/hub/api/v1/hub.pb.go:2367.53,2368.14 1 0
github.com/frisky1985/yuleDKCS/backend/cloud/hub/api/v1/hub.pb.go:2368.14,2370.3 1 0
github.com/frisky1985/yuleDKCS/backend/cloud/hub/api/v1/hub.pb.go:2371.2,2371.10 1 0
github.com/frisky1985/yuleDKCS/backend/cloud/hub/api/v1/hub.pb.go:2374.54,2375.14 1 0
github.com/frisky1985/yuleDKCS/backend/cloud/hub/api/v1/hub.pb.go:2375.14,2377.3 1 0
github.com/frisky1985/yuleDKCS/backend/cloud/hub/api/v1/hub.pb.go:2378.2,2378.10 1 0
github.com/frisky1985/yuleDKCS/backend/cloud/hub/api/v1/hub.pb.go:2381.52,2382.14 1 0
github.com/frisky1985/yuleDKCS/backend/cloud/hub/api/v1/hub.pb.go:2382.14,2384.3 1 0
github.com/frisky1985/yuleDKCS/backend/cloud/hub/api/v1/hub.pb.go:2385.2,2385.10 1 0
github.com/frisky1985/yuleDKCS/backend/cloud/hub/api/v1/hub.pb.go:2399.34,2404.2 4 0
github.com/frisky1985/yuleDKCS/backend/cloud/hub/api/v1/hub.pb.go:2406.42,2408.2 1 0
github.com/frisky1985/yuleDKCS/backend/cloud/hub/api/v1/hub.pb.go:2410.40,2410.41 0 0
github.com/frisky1985/yuleDKCS/backend/cloud/hub/api/v1/hub.pb.go:2412.62,2414.14 2 0
github.com/frisky1985/yuleDKCS/backend/cloud/hub/api/v1/hub.pb.go:2414.14,2416.34 2 0
github.com/frisky1985/yuleDKCS/backend/cloud/hub/api/v1/hub.pb.go:2416.34,2418.4 1 0
github.com/frisky1985/yuleDKCS/backend/cloud/hub/api/v1/hub.pb.go:2419.3,2419.12 1 0
github.com/frisky1985/yuleDKCS/backend/cloud/hub/api/v1/hub.pb.go:2421.2,2421.24 1 0
github.com/frisky1985/yuleDKCS/backend/cloud/hub/api/v1/hub.pb.go:2425.53,2427.2 1 0
github.com/frisky1985/yuleDKCS/backend/cloud/hub/api/v1/hub.pb.go:2429.50,2430.14 1 0
github.com/frisky1985/yuleDKCS/backend/cloud/hub/api/v1/hub.pb.go:2430.14,2432.3 1 0
github.com/frisky1985/yuleDKCS/backend/cloud/hub/api/v1/hub.pb.go:2433.2,2433.39 1 0
github.com/frisky1985/yuleDKCS/backend/cloud/hub/api/v1/hub.pb.go:2436.49,2437.14 1 0
github.com/frisky1985/yuleDKCS/backend/cloud/hub/api/v1/hub.pb.go:2437.14,2439.3 1 0
github.com/frisky1985/yuleDKCS/backend/cloud/hub/api/v1/hub.pb.go:2440.2,2440.38 1 0
github.com/frisky1985/yuleDKCS/backend/cloud/hub/api/v1/hub.pb.go:2443.48,2444.14 1 0
github.com/frisky1985/yuleDKCS/backend/cloud/hub/api/v1/hub.pb.go:2444.14,2446.3 1 0
github.com/frisky1985/yuleDKCS/backend/cloud/hub/api/v1/hub.pb.go:2447.2,2447.11 1 0
github.com/frisky1985/yuleDKCS/backend/cloud/hub/api/v1/hub.pb.go:2450.46,2451.14 1 0
github.com/frisky1985/yuleDKCS/backend/cloud/hub/api/v1/hub.pb.go:2451.14,2453.3 1 0
github.com/frisky1985/yuleDKCS/backend/cloud/hub/api/v1/hub.pb.go:2454.2,2454.12 1 0
github.com/frisky1985/yuleDKCS/backend/cloud/hub/api/v1/hub.pb.go:2457.46,2458.14 1 0
github.com/frisky1985/yuleDKCS/backend/cloud/hub/api/v1/hub.pb.go:2458.14,2460.3 1 0
github.com/frisky1985/yuleDKCS/backend/cloud/hub/api/v1/hub.pb.go:2461.2,2461.11 1 0
github.com/frisky1985/yuleDKCS/backend/cloud/hub/api/v1/hub.pb.go:2473.35,2478.2 4 0
github.com/frisky1985/yuleDKCS/backend/cloud/hub/api/v1/hub.pb.go:2480.43,2482.2 1 0
github.com/frisky1985/yuleDKCS/backend/cloud/hub/api/v1/hub.pb.go:2484.41,2484.42 0 0
github.com/frisky1985/yuleDKCS/backend/cloud/hub/api/v1/hub.pb.go:2486.63,2488.14 2 0
github.com/frisky1985/yuleDKCS/backend/cloud/hub/api/v1/hub.pb.go:2488.14,2490.34 2 0
github.com/frisky1985/yuleDKCS/backend/cloud/hub/api/v1/hub.pb.go:2490.34,2492.4 1 0
github.com/frisky1985/yuleDKCS/backend/cloud/hub/api/v1/hub.pb.go:2493.3,2493.12 1 0
github.com/frisky1985/yuleDKCS/backend/cloud/hub/api/v1/hub.pb.go:2495.2,2495.24 1 0
github.com/frisky1985/yuleDKCS/backend/cloud/hub/api/v1/hub.pb.go:2499.54,2501.2 1 0
github.com/frisky1985/yuleDKCS/backend/cloud/hub/api/v1/hub.pb.go:2503.47,2504.14 1 0
github.com/frisky1985/yuleDKCS/backend/cloud/hub/api/v1/hub.pb.go:2504.14,2506.3 1 0
github.com/frisky1985/yuleDKCS/backend/cloud/hub/api/v1/hub.pb.go:2507.2,2507.12 1 0
github.com/frisky1985/yuleDKCS/backend/cloud/hub/api/v1/hub.pb.go:2510.49,2511.14 1 0
github.com/frisky1985/yuleDKCS/backend/cloud/hub/api/v1/hub.pb.go:2511.14,2513.3 1 0
github.com/frisky1985/yuleDKCS/backend/cloud/hub/api/v1/hub.pb.go:2514.2,2514.11 1 0
github.com/frisky1985/yuleDKCS/backend/cloud/hub/api/v1/hub.pb.go:2517.48,2518.14 1 0
github.com/frisky1985/yuleDKCS/backend/cloud/hub/api/v1/hub.pb.go:2518.14,2520.3 1 0
github.com/frisky1985/yuleDKCS/backend/cloud/hub/api/v1/hub.pb.go:2521.2,2521.11 1 0
github.com/frisky1985/yuleDKCS/backend/cloud/hub/api/v1/hub.pb.go:2535.35,2540.2 4 0
github.com/frisky1985/yuleDKCS/backend/cloud/hub/api/v1/hub.pb.go:2542.43,2544.2 1 0
github.com/frisky1985/yuleDKCS/backend/cloud/hub/api/v1/hub.pb.go:2546.41,2546.42 0 0
github.com/frisky1985/yuleDKCS/backend/cloud/hub/api/v1/hub.pb.go:2548.63,2550.14 2 0
github.com/frisky1985/yuleDKCS/backend/cloud/hub/api/v1/hub.pb.go:2550.14,2552.34 2 0
github.com/frisky1985/yuleDKCS/backend/cloud/hub/api/v1/hub.pb.go:2552.34,2554.4 1 0
github.com/frisky1985/yuleDKCS/backend/cloud/hub/api/v1/hub.pb.go:2555.3,2555.12 1 0
github.com/frisky1985/yuleDKCS/backend/cloud/hub/api/v1/hub.pb.go:2557.2,2557.24 1 0
github.com/frisky1985/yuleDKCS/backend/cloud/hub/api/v1/hub.pb.go:2561.54,2563.2 1 0
github.com/frisky1985/yuleDKCS/backend/cloud/hub/api/v1/hub.pb.go:2565.51,2566.14 1 0
github.com/frisky1985/yuleDKCS/backend/cloud/hub/api/v1/hub.pb.go:2566.14,2568.3 1 0
github.com/frisky1985/yuleDKCS/backend/cloud/hub/api/v1/hub.pb.go:2569.2,2569.39 1 0
github.com/frisky1985/yuleDKCS/backend/cloud/hub/api/v1/hub.pb.go:2572.50,2573.14 1 0
github.com/frisky1985/yuleDKCS/backend/cloud/hub/api/v1/hub.pb.go:2573.14,2575.3 1 0
github.com/frisky1985/yuleDKCS/backend/cloud/hub/api/v1/hub.pb.go:2576.2,2576.38 1 0
github.com/frisky1985/yuleDKCS/backend/cloud/hub/api/v1/hub.pb.go:2579.49,2580.14 1 0
github.com/frisky1985/yuleDKCS/backend/cloud/hub/api/v1/hub.pb.go:2580.14,2582.3 1 0
github.com/frisky1985/yuleDKCS/backend/cloud/hub/api/v1/hub.pb.go:2583.2,2583.11 1 0
github.com/frisky1985/yuleDKCS/backend/cloud/hub/api/v1/hub.pb.go:2586.47,2587.14 1 0
github.com/frisky1985/yuleDKCS/backend/cloud/hub/api/v1/hub.pb.go:2587.14,2589.3 1 0
github.com/frisky1985/yuleDKCS/backend/cloud/hub/api/v1/hub.pb.go:2590.2,2590.12 1 0
github.com/frisky1985/yuleDKCS/backend/cloud/hub/api/v1/hub.pb.go:2593.50,2594.14 1 0
github.com/frisky1985/yuleDKCS/backend/cloud/hub/api/v1/hub.pb.go:2594.14,2596.3 1 0
github.com/frisky1985/yuleDKCS/backend/cloud/hub/api/v1/hub.pb.go:2597.2,2597.11 1 0
github.com/frisky1985/yuleDKCS/backend/cloud/hub/api/v1/hub.pb.go:2607.36,2612.2 4 0
github.com/frisky1985/yuleDKCS/backend/cloud/hub/api/v1/hub.pb.go:2614.44,2616.2 1 0
github.com/frisky1985/yuleDKCS/backend/cloud/hub/api/v1/hub.pb.go:2618.42,2618.43 0 0
github.com/frisky1985/yuleDKCS/backend/cloud/hub/api/v1/hub.pb.go:2620.64,2622.14 2 0
github.com/frisky1985/yuleDKCS/backend/cloud/hub/api/v1/hub.pb.go:2622.14,2624.34 2 0
github.com/frisky1985/yuleDKCS/backend/cloud/hub/api/v1/hub.pb.go:2624.34,2626.4 1 0
github.com/frisky1985/yuleDKCS/backend/cloud/hub/api/v1/hub.pb.go:2627.3,2627.12 1 0
github.com/frisky1985/yuleDKCS/backend/cloud/hub/api/v1/hub.pb.go:2629.2,2629.24 1 0
github.com/frisky1985/yuleDKCS/backend/cloud/hub/api/v1/hub.pb.go:2633.55,2635.2 1 0
github.com/frisky1985/yuleDKCS/backend/cloud/hub/api/v1/hub.pb.go:2637.50,2638.14 1 0
github.com/frisky1985/yuleDKCS/backend/cloud/hub/api/v1/hub.pb.go:2638.14,2640.3 1 0
github.com/frisky1985/yuleDKCS/backend/cloud/hub/api/v1/hub.pb.go:2641.2,2641.11 1 0
github.com/frisky1985/yuleDKCS/backend/cloud/hub/api/v1/hub.pb.go:2650.38,2655.2 4 0
github.com/frisky1985/yuleDKCS/backend/cloud/hub/api/v1/hub.pb.go:2657.46,2659.2 1 0
github.com/frisky1985/yuleDKCS/backend/cloud/hub/api/v1/hub.pb.go:2661.44,2661.45 0 0
github.com/frisky1985/yuleDKCS/backend/cloud/hub/api/v1/hub.pb.go:2663.66,2665.14 2 0
github.com/frisky1985/yuleDKCS/backend/cloud/hub/api/v1/hub.pb.go:2665.14,2667.34 2 0
github.com/frisky1985/yuleDKCS/backend/cloud/hub/api/v1/hub.pb.go:2667.34,2669.4 1 0
github.com/frisky1985/yuleDKCS/backend/cloud/hub/api/v1/hub.pb.go:2670.3,2670.12 1 0
github.com/frisky1985/yuleDKCS/backend/cloud/hub/api/v1/hub.pb.go:2672.2,2672.24 1 0
github.com/frisky1985/yuleDKCS/backend/cloud/hub/api/v1/hub.pb.go:2676.57,2678.2 1 0
github.com/frisky1985/yuleDKCS/backend/cloud/hub/api/v1/hub.pb.go:2688.39,2693.2 4 0
github.com/frisky1985/yuleDKCS/backend/cloud/hub/api/v1/hub.pb.go:2695.47,2697.2 1 0
github.com/frisky1985/yuleDKCS/backend/cloud/hub/api/v1/hub.pb.go:2699.45,2699.46 0 0
github.com/frisky1985/yuleDKCS/backend/cloud/hub/api/v1/hub.pb.go:2701.67,2703.14 2 0
github.com/frisky1985/yuleDKCS/backend/cloud/hub/api/v1/hub.pb.go:2703.14,2705.34 2 0
github.com/frisky1985/yuleDKCS/backend/cloud/hub/api/v1/hub.pb.go:2705.34,2707.4 1 0
github.com/frisky1985/yuleDKCS/backend/cloud/hub/api/v1/hub.pb.go:2708.3,2708.12 1 0
github.com/frisky1985/yuleDKCS/backend/cloud/hub/api/v1/hub.pb.go:2710.2,2710.24 1 0
github.com/frisky1985/yuleDKCS/backend/cloud/hub/api/v1/hub.pb.go:2714.58,2716.2 1 0
github.com/frisky1985/yuleDKCS/backend/cloud/hub/api/v1/hub.pb.go:2718.49,2719.14 1 0
github.com/frisky1985/yuleDKCS/backend/cloud/hub/api/v1/hub.pb.go:2719.14,2721.3 1 0
github.com/frisky1985/yuleDKCS/backend/cloud/hub/api/v1/hub.pb.go:2722.2,2722.14 1 0
github.com/frisky1985/yuleDKCS/backend/cloud/hub/api/v1/hub.pb.go:2725.62,2726.14 1 0
github.com/frisky1985/yuleDKCS/backend/cloud/hub/api/v1/hub.pb.go:2726.14,2728.3 1 0
github.com/frisky1985/yuleDKCS/backend/cloud/hub/api/v1/hub.pb.go:2729.2,2729.12 1 0
github.com/frisky1985/yuleDKCS/backend/cloud/hub/api/v1/hub.pb.go:2743.33,2748.2 4 0
github.com/frisky1985/yuleDKCS/backend/cloud/hub/api/v1/hub.pb.go:2750.41,2752.2 1 0
github.com/frisky1985/yuleDKCS/backend/cloud/hub/api/v1/hub.pb.go:2754.39,2754.40 0 0
github.com/frisky1985/yuleDKCS/backend/cloud/hub/api/v1/hub.pb.go:2756.61,2758.14 2 0
github.com/frisky1985/yuleDKCS/backend/cloud/hub/api/v1/hub.pb.go:2758.14,2760.34 2 0
github.com/frisky1985/yuleDKCS/backend/cloud/hub/api/v1/hub.pb.go:2760.34,2762.4 1 0
github.com/frisky1985/yuleDKCS/backend/cloud/hub/api/v1/hub.pb.go:2763.3,2763.12 1 0
github.com/frisky1985/yuleDKCS/backend/cloud/hub/api/v1/hub.pb.go:2765.2,2765.24 1 0
github.com/frisky1985/yuleDKCS/backend/cloud/hub/api/v1/hub.pb.go:2769.52,2771.2 1 0
github.com/frisky1985/yuleDKCS/backend/cloud/hub/api/v1/hub.pb.go:2773.44,2774.14 1 0
github.com/frisky1985/yuleDKCS/backend/cloud/hub/api/v1/hub.pb.go:2774.14,2776.3 1 0
github.com/frisky1985/yuleDKCS/backend/cloud/hub/api/v1/hub.pb.go:2777.2,2777.11 1 0
github.com/frisky1985/yuleDKCS/backend/cloud/hub/api/v1/hub.pb.go:2780.46,2781.14 1 0
github.com/frisky1985/yuleDKCS/backend/cloud/hub/api/v1/hub.pb.go:2781.14,2783.3 1 0
github.com/frisky1985/yuleDKCS/backend/cloud/hub/api/v1/hub.pb.go:2784.2,2784.11 1 0
github.com/frisky1985/yuleDKCS/backend/cloud/hub/api/v1/hub.pb.go:2787.43,2788.14 1 0
github.com/frisky1985/yuleDKCS/backend/cloud/hub/api/v1/hub.pb.go:2788.14,2790.3 1 0
github.com/frisky1985/yuleDKCS/backend/cloud/hub/api/v1/hub.pb.go:2791.2,2791.14 1 0
github.com/frisky1985/yuleDKCS/backend/cloud/hub/api/v1/hub.pb.go:2794.48,2795.14 1 0
github.com/frisky1985/yuleDKCS/backend/cloud/hub/api/v1/hub.pb.go:2795.14,2797.3 1 0
github.com/frisky1985/yuleDKCS/backend/cloud/hub/api/v1/hub.pb.go:2798.2,2798.10 1 0
github.com/frisky1985/yuleDKCS/backend/cloud/hub/api/v1/hub.pb.go:2801.46,2802.14 1 0
github.com/frisky1985/yuleDKCS/backend/cloud/hub/api/v1/hub.pb.go:2802.14,2804.3 1 0
github.com/frisky1985/yuleDKCS/backend/cloud/hub/api/v1/hub.pb.go:2805.2,2805.11 1 0
github.com/frisky1985/yuleDKCS/backend/cloud/hub/api/v1/hub.pb.go:3107.49,3108.46 1 0
github.com/frisky1985/yuleDKCS/backend/cloud/hub/api/v1/hub.pb.go:3108.46,3110.3 1 0
github.com/frisky1985/yuleDKCS/backend/cloud/hub/api/v1/hub.pb.go:3111.2,3111.42 1 0
github.com/frisky1985/yuleDKCS/backend/cloud/hub/api/v1/hub.pb.go:3226.13,3226.45 1 1
github.com/frisky1985/yuleDKCS/backend/cloud/hub/api/v1/hub.pb.go:3227.35,3228.34 1 1
github.com/frisky1985/yuleDKCS/backend/cloud/hub/api/v1/hub.pb.go:3228.34,3230.3 1 0
github.com/frisky1985/yuleDKCS/backend/cloud/hub/api/v1/hub.pb.go:3231.2,3248.37 5 1
github.com/frisky1985/yuleDKCS/backend/cloud/hub/api/v1/hub_grpc.pb.go:56.92,58.2 1 0
github.com/frisky1985/yuleDKCS/backend/cloud/hub/api/v1/hub_grpc.pb.go:60.138,64.16 4 0
github.com/frisky1985/yuleDKCS/backend/cloud/hub/api/v1/hub_grpc.pb.go:64.16,66.3 1 0
github.com/frisky1985/yuleDKCS/backend/cloud/hub/api/v1/hub_grpc.pb.go:67.2,67.17 1 0
github.com/frisky1985/yuleDKCS/backend/cloud/hub/api/v1/hub_grpc.pb.go:70.144,74.16 4 0
github.com/frisky1985/yuleDKCS/backend/cloud/hub/api/v1/hub_grpc.pb.go:74.16,76.3 1 0
github.com/frisky1985/yuleDKCS/backend/cloud/hub/api/v1/hub_grpc.pb.go:77.2,77.17 1 0
github.com/frisky1985/yuleDKCS/backend/cloud/hub/api/v1/hub_grpc.pb.go:80.147,84.16 4 0
github.com/frisky1985/yuleDKCS/backend/cloud/hub/api/v1/hub_grpc.pb.go:84.16,86.3 1 0
github.com/frisky1985/yuleDKCS/backend/cloud/hub/api/v1/hub_grpc.pb.go:87.2,87.17 1 0
github.com/frisky1985/yuleDKCS/backend/cloud/hub/api/v1/hub_grpc.pb.go:90.144,94.16 4 0
github.com/frisky1985/yuleDKCS/backend/cloud/hub/api/v1/hub_grpc.pb.go:94.16,96.3 1 0
github.com/frisky1985/yuleDKCS/backend/cloud/hub/api/v1/hub_grpc.pb.go:97.2,97.17 1 0
github.com/frisky1985/yuleDKCS/backend/cloud/hub/api/v1/hub_grpc.pb.go:100.144,104.16 4 0
github.com/frisky1985/yuleDKCS/backend/cloud/hub/api/v1/hub_grpc.pb.go:104.16,106.3 1 0
github.com/frisky1985/yuleDKCS/backend/cloud/hub/api/v1/hub_grpc.pb.go:107.2,107.17 1 0
github.com/frisky1985/yuleDKCS/backend/cloud/hub/api/v1/hub_grpc.pb.go:110.141,114.16 4 0
github.com/frisky1985/yuleDKCS/backend/cloud/hub/api/v1/hub_grpc.pb.go:114.16,116.3 1 0
github.com/frisky1985/yuleDKCS/backend/cloud/hub/api/v1/hub_grpc.pb.go:117.2,117.17 1 0
github.com/frisky1985/yuleDKCS/backend/cloud/hub/api/v1/hub_grpc.pb.go:120.135,124.16 4 0
github.com/frisky1985/yuleDKCS/backend/cloud/hub/api/v1/hub_grpc.pb.go:124.16,126.3 1 0
github.com/frisky1985/yuleDKCS/backend/cloud/hub/api/v1/hub_grpc.pb.go:127.2,127.17 1 0
github.com/frisky1985/yuleDKCS/backend/cloud/hub/api/v1/hub_grpc.pb.go:130.141,134.16 4 0
github.com/frisky1985/yuleDKCS/backend/cloud/hub/api/v1/hub_grpc.pb.go:134.16,136.3 1 0
github.com/frisky1985/yuleDKCS/backend/cloud/hub/api/v1/hub_grpc.pb.go:137.2,137.17 1 0
github.com/frisky1985/yuleDKCS/backend/cloud/hub/api/v1/hub_grpc.pb.go:168.116,170.2 1 0
github.com/frisky1985/yuleDKCS/backend/cloud/hub/api/v1/hub_grpc.pb.go:171.122,173.2 1 0
github.com/frisky1985/yuleDKCS/backend/cloud/hub/api/v1/hub_grpc.pb.go:174.125,176.2 1 0
github.com/frisky1985/yuleDKCS/backend/cloud/hub/api/v1/hub_grpc.pb.go:177.122,179.2 1 0
github.com/frisky1985/yuleDKCS/backend/cloud/hub/api/v1/hub_grpc.pb.go:180.122,182.2 1 0
github.com/frisky1985/yuleDKCS/backend/cloud/hub/api/v1/hub_grpc.pb.go:183.119,185.2 1 0
github.com/frisky1985/yuleDKCS/backend/cloud/hub/api/v1/hub_grpc.pb.go:186.113,188.2 1 0
github.com/frisky1985/yuleDKCS/backend/cloud/hub/api/v1/hub_grpc.pb.go:189.119,191.2 1 0
github.com/frisky1985/yuleDKCS/backend/cloud/hub/api/v1/hub_grpc.pb.go:192.100,192.101 0 0
github.com/frisky1985/yuleDKCS/backend/cloud/hub/api/v1/hub_grpc.pb.go:193.100,193.101 0 0
github.com/frisky1985/yuleDKCS/backend/cloud/hub/api/v1/hub_grpc.pb.go:202.98,207.59 1 0
github.com/frisky1985/yuleDKCS/backend/cloud/hub/api/v1/hub_grpc.pb.go:207.59,209.3 1 0
github.com/frisky1985/yuleDKCS/backend/cloud/hub/api/v1/hub_grpc.pb.go:210.2,210.59 1 0
github.com/frisky1985/yuleDKCS/backend/cloud/hub/api/v1/hub_grpc.pb.go:213.173,215.32 2 0
github.com/frisky1985/yuleDKCS/backend/cloud/hub/api/v1/hub_grpc.pb.go:215.32,217.3 1 0
github.com/frisky1985/yuleDKCS/backend/cloud/hub/api/v1/hub_grpc.pb.go:218.2,218.24 1 0
github.com/frisky1985/yuleDKCS/backend/cloud/hub/api/v1/hub_grpc.pb.go:218.24,220.3 1 0
github.com/frisky1985/yuleDKCS/backend/cloud/hub/api/v1/hub_grpc.pb.go:221.2,225.77 2 0
github.com/frisky1985/yuleDKCS/backend/cloud/hub/api/v1/hub_grpc.pb.go:225.77,227.3 1 0
github.com/frisky1985/yuleDKCS/backend/cloud/hub/api/v1/hub_grpc.pb.go:228.2,228.44 1 0
github.com/frisky1985/yuleDKCS/backend/cloud/hub/api/v1/hub_grpc.pb.go:231.175,233.32 2 0
github.com/frisky1985/yuleDKCS/backend/cloud/hub/api/v1/hub_grpc.pb.go:233.32,235.3 1 0
github.com/frisky1985/yuleDKCS/backend/cloud/hub/api/v1/hub_grpc.pb.go:236.2,236.24 1 0
github.com/frisky1985/yuleDKCS/backend/cloud/hub/api/v1/hub_grpc.pb.go:236.24,238.3 1 0
github.com/frisky1985/yuleDKCS/backend/cloud/hub/api/v1/hub_grpc.pb.go:239.2,243.77 2 0
github.com/frisky1985/yuleDKCS/backend/cloud/hub/api/v1/hub_grpc.pb.go:243.77,245.3 1 0
github.com/frisky1985/yuleDKCS/backend/cloud/hub/api/v1/hub_grpc.pb.go:246.2,246.44 1 0
github.com/frisky1985/yuleDKCS/backend/cloud/hub/api/v1/hub_grpc.pb.go:249.176,251.32 2 0
github.com/frisky1985/yuleDKCS/backend/cloud/hub/api/v1/hub_grpc.pb.go:251.32,253.3 1 0
github.com/frisky1985/yuleDKCS/backend/cloud/hub/api/v1/hub_grpc.pb.go:254.2,254.24 1 0
github.com/frisky1985/yuleDKCS/backend/cloud/hub/api/v1/hub_grpc.pb.go:254.24,256.3 1 0
github.com/frisky1985/yuleDKCS/backend/cloud/hub/api/v1/hub_grpc.pb.go:257.2,261.77 2 0
[...]
github.com/frisky1985/yuleDKCS/backend/cloud/hub/internal/gateway/rest_gateway.go:626.37,628.3 1 1
github.com/frisky1985/yuleDKCS/backend/cloud/hub/internal/gateway/rest_gateway.go:630.2,639.16 5 1
github.com/frisky1985/yuleDKCS/backend/cloud/hub/internal/gateway/rest_gateway.go:639.16,642.3 2 0
github.com/frisky1985/yuleDKCS/backend/cloud/hub/internal/gateway/rest_gateway.go:644.2,645.23 2 1
github.com/frisky1985/yuleDKCS/backend/cloud/hub/internal/gateway/rest_gateway.go:649.50,650.37 1 1
github.com/frisky1985/yuleDKCS/backend/cloud/hub/internal/gateway/rest_gateway.go:650.37,652.3 1 1
github.com/frisky1985/yuleDKCS/backend/cloud/hub/internal/gateway/rest_gateway.go:654.2,671.16 8 1
github.com/frisky1985/yuleDKCS/backend/cloud/hub/internal/gateway/rest_gateway.go:671.16,674.3 2 0
github.com/frisky1985/yuleDKCS/backend/cloud/hub/internal/gateway/rest_gateway.go:676.2,680.23 2 1
github.com/frisky1985/yuleDKCS/backend/cloud/hub/internal/gateway/rest_gateway.go:684.49,685.37 1 1
github.com/frisky1985/yuleDKCS/backend/cloud/hub/internal/gateway/rest_gateway.go:685.37,687.3 1 1
github.com/frisky1985/yuleDKCS/backend/cloud/hub/internal/gateway/rest_gateway.go:689.2,698.16 5 1
github.com/frisky1985/yuleDKCS/backend/cloud/hub/internal/gateway/rest_gateway.go:698.16,701.3 2 0
github.com/frisky1985/yuleDKCS/backend/cloud/hub/internal/gateway/rest_gateway.go:703.2,704.23 2 1
github.com/frisky1985/yuleDKCS/backend/cloud/hub/internal/gateway/rest_gateway.go:708.49,709.37 1 1
github.com/frisky1985/yuleDKCS/backend/cloud/hub/internal/gateway/rest_gateway.go:709.37,711.3 1 1
github.com/frisky1985/yuleDKCS/backend/cloud/hub/internal/gateway/rest_gateway.go:713.2,730.16 9 1
github.com/frisky1985/yuleDKCS/backend/cloud/hub/internal/gateway/rest_gateway.go:730.16,733.3 2 0
github.com/frisky1985/yuleDKCS/backend/cloud/hub/internal/gateway/rest_gateway.go:735.2,739.23 2 1
github.com/frisky1985/yuleDKCS/backend/cloud/hub/internal/gateway/rest_gateway.go:743.48,744.37 1 1
github.com/frisky1985/yuleDKCS/backend/cloud/hub/internal/gateway/rest_gateway.go:744.37,746.3 1 1
github.com/frisky1985/yuleDKCS/backend/cloud/hub/internal/gateway/rest_gateway.go:748.2,753.48 3 1
github.com/frisky1985/yuleDKCS/backend/cloud/hub/internal/gateway/rest_gateway.go:753.48,757.3 2 0
github.com/frisky1985/yuleDKCS/backend/cloud/hub/internal/gateway/rest_gateway.go:759.2,767.16 4 1
github.com/frisky1985/yuleDKCS/backend/cloud/hub/internal/gateway/rest_gateway.go:767.16,770.3 2 0
github.com/frisky1985/yuleDKCS/backend/cloud/hub/internal/gateway/rest_gateway.go:772.2,776.23 2 1
github.com/frisky1985/yuleDKCS/backend/cloud/hub/internal/gateway/rest_gateway.go:780.46,781.37 1 1
github.com/frisky1985/yuleDKCS/backend/cloud/hub/internal/gateway/rest_gateway.go:781.37,783.3 1 1
github.com/frisky1985/yuleDKCS/backend/cloud/hub/internal/gateway/rest_gateway.go:785.2,793.16 5 1
github.com/frisky1985/yuleDKCS/backend/cloud/hub/internal/gateway/rest_gateway.go:793.16,796.3 2 0
github.com/frisky1985/yuleDKCS/backend/cloud/hub/internal/gateway/rest_gateway.go:798.2,799.23 2 1
github.com/frisky1985/yuleDKCS/backend/cloud/hub/internal/gateway/rest_gateway.go:803.48,804.37 1 1
github.com/frisky1985/yuleDKCS/backend/cloud/hub/internal/gateway/rest_gateway.go:804.37,806.3 1 1
github.com/frisky1985/yuleDKCS/backend/cloud/hub/internal/gateway/rest_gateway.go:808.2,810.42 2 1
github.com/frisky1985/yuleDKCS/backend/cloud/hub/internal/gateway/rest_gateway.go:810.42,812.3 1 1
github.com/frisky1985/yuleDKCS/backend/cloud/hub/internal/gateway/rest_gateway.go:813.2,813.45 1 1
github.com/frisky1985/yuleDKCS/backend/cloud/hub/internal/gateway/rest_gateway.go:813.45,815.3 1 1
github.com/frisky1985/yuleDKCS/backend/cloud/hub/internal/gateway/rest_gateway.go:816.2,816.50 1 1
github.com/frisky1985/yuleDKCS/backend/cloud/hub/internal/gateway/rest_gateway.go:816.50,817.68 1 1
github.com/frisky1985/yuleDKCS/backend/cloud/hub/internal/gateway/rest_gateway.go:817.68,819.4 1 1
github.com/frisky1985/yuleDKCS/backend/cloud/hub/internal/gateway/rest_gateway.go:821.2,821.53 1 1
github.com/frisky1985/yuleDKCS/backend/cloud/hub/internal/gateway/rest_gateway.go:821.53,823.3 1 1
github.com/frisky1985/yuleDKCS/backend/cloud/hub/internal/gateway/rest_gateway.go:825.2,827.16 3 1
github.com/frisky1985/yuleDKCS/backend/cloud/hub/internal/gateway/rest_gateway.go:827.16,830.3 2 0
github.com/frisky1985/yuleDKCS/backend/cloud/hub/internal/gateway/rest_gateway.go:832.2,836.23 2 1
github.com/frisky1985/yuleDKCS/backend/cloud/hub/internal/gateway/rest_gateway.go:842.51,843.37 1 1
github.com/frisky1985/yuleDKCS/backend/cloud/hub/internal/gateway/rest_gateway.go:843.37,845.3 1 1
github.com/frisky1985/yuleDKCS/backend/cloud/hub/internal/gateway/rest_gateway.go:847.2,851.45 4 1
github.com/frisky1985/yuleDKCS/backend/cloud/hub/internal/gateway/rest_gateway.go:851.45,855.3 2 0
github.com/frisky1985/yuleDKCS/backend/cloud/hub/internal/gateway/rest_gateway.go:856.2,856.26 1 1
github.com/frisky1985/yuleDKCS/backend/cloud/hub/internal/gateway/rest_gateway.go:856.26,858.3 1 1
github.com/frisky1985/yuleDKCS/backend/cloud/hub/internal/gateway/rest_gateway.go:860.2,862.16 3 1
github.com/frisky1985/yuleDKCS/backend/cloud/hub/internal/gateway/rest_gateway.go:862.16,865.3 2 0
github.com/frisky1985/yuleDKCS/backend/cloud/hub/internal/gateway/rest_gateway.go:867.2,871.23 2 1
github.com/frisky1985/yuleDKCS/backend/cloud/hub/internal/gateway/rest_gateway.go:875.51,876.37 1 1
github.com/frisky1985/yuleDKCS/backend/cloud/hub/internal/gateway/rest_gateway.go:876.37,878.3 1 1
github.com/frisky1985/yuleDKCS/backend/cloud/hub/internal/gateway/rest_gateway.go:880.2,884.45 4 1
github.com/frisky1985/yuleDKCS/backend/cloud/hub/internal/gateway/rest_gateway.go:884.45,888.3 2 0
github.com/frisky1985/yuleDKCS/backend/cloud/hub/internal/gateway/rest_gateway.go:889.2,889.22 1 1
github.com/frisky1985/yuleDKCS/backend/cloud/hub/internal/gateway/rest_gateway.go:889.22,891.3 1 1
github.com/frisky1985/yuleDKCS/backend/cloud/hub/internal/gateway/rest_gateway.go:893.2,895.16 3 1
github.com/frisky1985/yuleDKCS/backend/cloud/hub/internal/gateway/rest_gateway.go:895.16,898.3 2 0
github.com/frisky1985/yuleDKCS/backend/cloud/hub/internal/gateway/rest_gateway.go:900.2,901.23 2 1
github.com/frisky1985/yuleDKCS/backend/cloud/hub/internal/gateway/rest_gateway.go:905.51,906.37 1 1
github.com/frisky1985/yuleDKCS/backend/cloud/hub/internal/gateway/rest_gateway.go:906.37,908.3 1 1
github.com/frisky1985/yuleDKCS/backend/cloud/hub/internal/gateway/rest_gateway.go:910.2,919.16 5 1
github.com/frisky1985/yuleDKCS/backend/cloud/hub/internal/gateway/rest_gateway.go:919.16,922.3 2 0
github.com/frisky1985/yuleDKCS/backend/cloud/hub/internal/gateway/rest_gateway.go:924.2,925.23 2 1
github.com/frisky1985/yuleDKCS/backend/cloud/hub/internal/gateway/rest_gateway.go:929.48,930.37 1 1
github.com/frisky1985/yuleDKCS/backend/cloud/hub/internal/gateway/rest_gateway.go:930.37,932.3 1 1
github.com/frisky1985/yuleDKCS/backend/cloud/hub/internal/gateway/rest_gateway.go:934.2,942.16 5 1
github.com/frisky1985/yuleDKCS/backend/cloud/hub/internal/gateway/rest_gateway.go:942.16,945.3 2 0
github.com/frisky1985/yuleDKCS/backend/cloud/hub/internal/gateway/rest_gateway.go:947.2,948.23 2 1
github.com/frisky1985/yuleDKCS/backend/cloud/hub/internal/gateway/rest_gateway.go:954.51,955.37 1 1
github.com/frisky1985/yuleDKCS/backend/cloud/hub/internal/gateway/rest_gateway.go:955.37,957.3 1 1
github.com/frisky1985/yuleDKCS/backend/cloud/hub/internal/gateway/rest_gateway.go:959.2,970.48 5 1
github.com/frisky1985/yuleDKCS/backend/cloud/hub/internal/gateway/rest_gateway.go:970.48,974.3 2 0
github.com/frisky1985/yuleDKCS/backend/cloud/hub/internal/gateway/rest_gateway.go:976.2,988.16 4 1
github.com/frisky1985/yuleDKCS/backend/cloud/hub/internal/gateway/rest_gateway.go:988.16,991.3 2 0
github.com/frisky1985/yuleDKCS/backend/cloud/hub/internal/gateway/rest_gateway.go:993.2,998.23 2 1
github.com/frisky1985/yuleDKCS/backend/cloud/hub/internal/gateway/rest_gateway.go:1002.52,1003.37 1 0
github.com/frisky1985/yuleDKCS/backend/cloud/hub/internal/gateway/rest_gateway.go:1003.37,1005.3 1 0
github.com/frisky1985/yuleDKCS/backend/cloud/hub/internal/gateway/rest_gateway.go:1007.2,1015.16 5 0
github.com/frisky1985/yuleDKCS/backend/cloud/hub/internal/gateway/rest_gateway.go:1015.16,1018.3 2 0
github.com/frisky1985/yuleDKCS/backend/cloud/hub/internal/gateway/rest_gateway.go:1021.2,1029.34 5 0
github.com/frisky1985/yuleDKCS/backend/cloud/hub/internal/gateway/rest_gateway.go:1029.34,1031.17 2 0
github.com/frisky1985/yuleDKCS/backend/cloud/hub/internal/gateway/rest_gateway.go:1031.17,1032.59 1 0
github.com/frisky1985/yuleDKCS/backend/cloud/hub/internal/gateway/rest_gateway.go:1032.59,1036.5 1 0
github.com/frisky1985/yuleDKCS/backend/cloud/hub/internal/gateway/rest_gateway.go:1036.10,1041.5 1 0
github.com/frisky1985/yuleDKCS/backend/cloud/hub/internal/gateway/rest_gateway.go:1042.4,1042.16 1 0
github.com/frisky1985/yuleDKCS/backend/cloud/hub/internal/gateway/rest_gateway.go:1045.3,1046.17 2 0
github.com/frisky1985/yuleDKCS/backend/cloud/hub/internal/gateway/rest_gateway.go:1046.17,1049.4 2 0
github.com/frisky1985/yuleDKCS/backend/cloud/hub/internal/gateway/rest_gateway.go:1051.3,1052.22 2 0
github.com/frisky1985/yuleDKCS/backend/cloud/hub/internal/gateway/rest_gateway.go:1052.22,1058.4 2 0
github.com/frisky1985/yuleDKCS/backend/cloud/hub/internal/gateway/rest_gateway.go:1059.3,1059.14 1 0
github.com/frisky1985/yuleDKCS/backend/cloud/hub/internal/gateway/rest_gateway.go:1066.52,1067.37 1 1
github.com/frisky1985/yuleDKCS/backend/cloud/hub/internal/gateway/rest_gateway.go:1067.37,1069.3 1 1
github.com/frisky1985/yuleDKCS/backend/cloud/hub/internal/gateway/rest_gateway.go:1071.2,1074.16 4 1
github.com/frisky1985/yuleDKCS/backend/cloud/hub/internal/gateway/rest_gateway.go:1074.16,1077.3 2 0
github.com/frisky1985/yuleDKCS/backend/cloud/hub/internal/gateway/rest_gateway.go:1079.2,1083.23 2 1
github.com/frisky1985/yuleDKCS/backend/cloud/hub/internal/gateway/rest_gateway.go:1087.54,1088.37 1 1
github.com/frisky1985/yuleDKCS/backend/cloud/hub/internal/gateway/rest_gateway.go:1088.37,1090.3 1 1
github.com/frisky1985/yuleDKCS/backend/cloud/hub/internal/gateway/rest_gateway.go:1092.2,1095.16 4 1
github.com/frisky1985/yuleDKCS/backend/cloud/hub/internal/gateway/rest_gateway.go:1095.16,1098.3 2 0
github.com/frisky1985/yuleDKCS/backend/cloud/hub/internal/gateway/rest_gateway.go:1100.2,1104.23 2 1
github.com/frisky1985/yuleDKCS/backend/cloud/hub/internal/gateway/token_handler.go:18.50,20.16 2 1
github.com/frisky1985/yuleDKCS/backend/cloud/hub/internal/gateway/token_handler.go:20.16,23.3 2 1
github.com/frisky1985/yuleDKCS/backend/cloud/hub/internal/gateway/token_handler.go:25.2,32.47 2 1
github.com/frisky1985/yuleDKCS/backend/cloud/hub/internal/gateway/token_handler.go:32.47,35.3 2 1
github.com/frisky1985/yuleDKCS/backend/cloud/hub/internal/gateway/token_handler.go:37.2,39.14 3 1
github.com/frisky1985/yuleDKCS/backend/cloud/hub/internal/gateway/token_handler.go:39.14,41.3 1 1
github.com/frisky1985/yuleDKCS/backend/cloud/hub/internal/gateway/token_handler.go:43.2,44.16 2 1
github.com/frisky1985/yuleDKCS/backend/cloud/hub/internal/gateway/token_handler.go:44.16,48.3 3 0
github.com/frisky1985/yuleDKCS/backend/cloud/hub/internal/gateway/token_handler.go:50.2,54.4 1 1
github.com/frisky1985/yuleDKCS/backend/cloud/hub/internal/gateway/token_handler.go:58.50,60.16 2 1
github.com/frisky1985/yuleDKCS/backend/cloud/hub/internal/gateway/token_handler.go:60.16,63.3 2 1
github.com/frisky1985/yuleDKCS/backend/cloud/hub/internal/gateway/token_handler.go:65.2,67.27 3 1
github.com/frisky1985/yuleDKCS/backend/cloud/hub/internal/gateway/token_handler.go:67.27,76.3 1 1
github.com/frisky1985/yuleDKCS/backend/cloud/hub/internal/gateway/token_handler.go:78.2,78.48 1 1
github.com/frisky1985/yuleDKCS/backend/cloud/hub/internal/gateway/token_handler.go:82.51,86.16 3 1
github.com/frisky1985/yuleDKCS/backend/cloud/hub/internal/gateway/token_handler.go:86.16,92.3 2 1
github.com/frisky1985/yuleDKCS/backend/cloud/hub/internal/gateway/token_handler.go:94.2,102.4 1 1
github.com/frisky1985/yuleDKCS/backend/cloud/hub/internal/gateway/token_handler.go:106.51,108.16 2 1
github.com/frisky1985/yuleDKCS/backend/cloud/hub/internal/gateway/token_handler.go:108.16,111.3 2 1
github.com/frisky1985/yuleDKCS/backend/cloud/hub/internal/gateway/token_handler.go:113.2,114.59 2 1
github.com/frisky1985/yuleDKCS/backend/cloud/hub/internal/gateway/token_handler.go:114.59,117.3 2 1
github.com/frisky1985/yuleDKCS/backend/cloud/hub/internal/gateway/token_handler.go:119.2,119.72 1 1
github.com/frisky1985/yuleDKCS/backend/cloud/hub/internal/gateway/token_handler.go:124.57,138.25 3 1
github.com/frisky1985/yuleDKCS/backend/cloud/hub/internal/gateway/token_handler.go:138.25,139.24 1 1
github.com/frisky1985/yuleDKCS/backend/cloud/hub/internal/gateway/token_handler.go:139.24,141.4 1 1
github.com/frisky1985/yuleDKCS/backend/cloud/hub/internal/gateway/token_handler.go:143.2,143.21 1 1
github.com/frisky1985/yuleDKCS/backend/cloud/hub/internal/gateway/token_handler.go:143.21,145.3 1 1
github.com/frisky1985/yuleDKCS/backend/cloud/hub/internal/gateway/token_handler.go:146.2,146.14 1 1
github.com/frisky1985/yuleDKCS/backend/cloud/hub/internal/gateway/token_handler.go:149.59,151.26 2 1
github.com/frisky1985/yuleDKCS/backend/cloud/hub/internal/gateway/token_handler.go:151.26,152.12 1 1
github.com/frisky1985/yuleDKCS/backend/cloud/hub/internal/gateway/token_handler.go:153.23,154.25 1 1
github.com/frisky1985/yuleDKCS/backend/cloud/hub/internal/gateway/token_handler.go:155.30,156.27 1 1
github.com/frisky1985/yuleDKCS/backend/cloud/hub/internal/gateway/token_handler.go:157.24,158.26 1 1
github.com/frisky1985/yuleDKCS/backend/cloud/hub/internal/gateway/token_handler.go:159.25,160.27 1 1
github.com/frisky1985/yuleDKCS/backend/cloud/hub/internal/gateway/token_handler.go:161.26,162.28 1 1
github.com/frisky1985/yuleDKCS/backend/cloud/hub/internal/gateway/token_handler.go:163.23,164.25 1 1
github.com/frisky1985/yuleDKCS/backend/cloud/hub/internal/gateway/token_handler.go:165.23,166.25 1 1
github.com/frisky1985/yuleDKCS/backend/cloud/hub/internal/gateway/token_handler.go:167.24,168.26 1 1
github.com/frisky1985/yuleDKCS/backend/cloud/hub/internal/gateway/token_handler.go:169.29,170.32 1 1
github.com/frisky1985/yuleDKCS/backend/cloud/hub/internal/gateway/token_handler.go:171.28,172.31 1 1
github.com/frisky1985/yuleDKCS/backend/cloud/hub/internal/gateway/token_handler.go:175.2,175.10 1 1
github.com/frisky1985/yuleDKCS/backend/cloud/hub/internal/gateway/token_handler.go:181.53,186.16 3 1
github.com/frisky1985/yuleDKCS/backend/cloud/hub/internal/gateway/token_handler.go:186.16,192.3 2 1
github.com/frisky1985/yuleDKCS/backend/cloud/hub/internal/gateway/token_handler.go:199.2,209.16 4 1
github.com/frisky1985/yuleDKCS/backend/cloud/hub/internal/gateway/token_handler.go:209.16,216.3 3 1
github.com/frisky1985/yuleDKCS/backend/cloud/hub/internal/gateway/token_handler.go:218.2,225.4 1 1
github.com/frisky1985/yuleDKCS/backend/cloud/hub/internal/gateway/token_handler.go:229.52,231.16 2 1
github.com/frisky1985/yuleDKCS/backend/cloud/hub/internal/gateway/token_handler.go:231.16,234.3 2 1
github.com/frisky1985/yuleDKCS/backend/cloud/hub/internal/gateway/token_handler.go:236.2,237.60 2 1
github.com/frisky1985/yuleDKCS/backend/cloud/hub/internal/gateway/token_handler.go:237.60,240.3 2 1
github.com/frisky1985/yuleDKCS/backend/cloud/hub/internal/gateway/token_handler.go:242.2,242.74 1 1
github.com/frisky1985/yuleDKCS/backend/cloud/hub/internal/gateway/token_handler.go:246.51,248.16 2 1
github.com/frisky1985/yuleDKCS/backend/cloud/hub/internal/gateway/token_handler.go:248.16,251.3 2 1
github.com/frisky1985/yuleDKCS/backend/cloud/hub/internal/gateway/token_handler.go:253.2,254.59 2 1
github.com/frisky1985/yuleDKCS/backend/cloud/hub/internal/gateway/token_handler.go:254.59,257.3 2 1
github.com/frisky1985/yuleDKCS/backend/cloud/hub/internal/gateway/token_handler.go:259.2,259.71 1 1
github.com/frisky1985/yuleDKCS/backend/cloud/hub/internal/token/token.go:54.41,59.2 1 1
github.com/frisky1985/yuleDKCS/backend/cloud/hub/internal/token/token.go:62.138,86.2 8 1
github.com/frisky1985/yuleDKCS/backend/cloud/hub/internal/token/token.go:89.53,94.9 4 1
github.com/frisky1985/yuleDKCS/backend/cloud/hub/internal/token/token.go:94.9,96.3 1 0
github.com/frisky1985/yuleDKCS/backend/cloud/hub/internal/token/token.go:97.2,97.26 1 1
github.com/frisky1985/yuleDKCS/backend/cloud/hub/internal/token/token.go:97.26,99.3 1 1
github.com/frisky1985/yuleDKCS/backend/cloud/hub/internal/token/token.go:100.2,100.42 1 1
github.com/frisky1985/yuleDKCS/backend/cloud/hub/internal/token/token.go:100.42,105.3 4 1
github.com/frisky1985/yuleDKCS/backend/cloud/hub/internal/token/token.go:106.2,106.46 1 1
github.com/frisky1985/yuleDKCS/backend/cloud/hub/internal/token/token.go:106.46,108.3 1 1
github.com/frisky1985/yuleDKCS/backend/cloud/hub/internal/token/token.go:111.2,111.18 1 1
github.com/frisky1985/yuleDKCS/backend/cloud/hub/internal/token/token.go:111.18,113.3 1 1
github.com/frisky1985/yuleDKCS/backend/cloud/hub/internal/token/token.go:116.2,120.15 4 1
github.com/frisky1985/yuleDKCS/backend/cloud/hub/internal/token/token.go:124.52,129.9 4 1
github.com/frisky1985/yuleDKCS/backend/cloud/hub/internal/token/token.go:129.9,131.3 1 0
github.com/frisky1985/yuleDKCS/backend/cloud/hub/internal/token/token.go:132.2,132.26 1 1
github.com/frisky1985/yuleDKCS/backend/cloud/hub/internal/token/token.go:132.26,134.3 1 1
github.com/frisky1985/yuleDKCS/backend/cloud/hub/internal/token/token.go:135.2,136.12 2 1
github.com/frisky1985/yuleDKCS/backend/cloud/hub/internal/token/token.go:141.41,145.28 3 1
github.com/frisky1985/yuleDKCS/backend/cloud/hub/internal/token/token.go:145.28,147.3 1 1
github.com/frisky1985/yuleDKCS/backend/cloud/hub/internal/token/token.go:148.2,149.41 2 1
github.com/frisky1985/yuleDKCS/backend/cloud/hub/internal/token/token.go:152.41,154.2 1 1
github.com/frisky1985/yuleDKCS/backend/cloud/hub/internal/token/token.go:157.56,161.29 4 1
github.com/frisky1985/yuleDKCS/backend/cloud/hub/internal/token/token.go:161.29,162.27 1 1
github.com/frisky1985/yuleDKCS/backend/cloud/hub/internal/token/token.go:162.27,164.4 1 1
github.com/frisky1985/yuleDKCS/backend/cloud/hub/internal/token/token.go:166.2,166.15 1 1
github.com/frisky1985/yuleDKCS/backend/cloud/hub/internal/token/token.go:170.60,174.29 4 0
github.com/frisky1985/yuleDKCS/backend/cloud/hub/internal/token/token.go:174.29,175.31 1 0
github.com/frisky1985/yuleDKCS/backend/cloud/hub/internal/token/token.go:175.31,177.4 1 0
github.com/frisky1985/yuleDKCS/backend/cloud/hub/internal/token/token.go:179.2,179.15 1 0
github.com/frisky1985/yuleDKCS/backend/cloud/hub/internal/token/token.go:183.53,187.9 4 1
github.com/frisky1985/yuleDKCS/backend/cloud/hub/internal/token/token.go:187.9,189.3 1 0
github.com/frisky1985/yuleDKCS/backend/cloud/hub/internal/token/token.go:190.2,190.26 1 1
github.com/frisky1985/yuleDKCS/backend/cloud/hub/internal/token/token.go:190.26,192.3 1 0
github.com/frisky1985/yuleDKCS/backend/cloud/hub/internal/token/token.go:193.2,194.12 2 1
github.com/frisky1985/yuleDKCS/backend/cloud/hub/internal/token/token.go:198.52,202.9 4 1
github.com/frisky1985/yuleDKCS/backend/cloud/hub/internal/token/token.go:202.9,204.3 1 0
github.com/frisky1985/yuleDKCS/backend/cloud/hub/internal/token/token.go:205.2,205.26 1 1
github.com/frisky1985/yuleDKCS/backend/cloud/hub/internal/token/token.go:205.26,207.3 1 0
github.com/frisky1985/yuleDKCS/backend/cloud/hub/internal/token/token.go:208.2,208.29 1 1
github.com/frisky1985/yuleDKCS/backend/cloud/hub/internal/token/token.go:208.29,210.3 1 0
github.com/frisky1985/yuleDKCS/backend/cloud/hub/internal/token/token.go:211.2,212.12 2 1
github.com/frisky1985/yuleDKCS/backend/cloud/hub/internal/token/token.go:215.26,219.2 3 1
