mode: set
github.com/frisky1985/yuleDKCS/backend/cloud/hub/internal/adapter/ccc_adapter.go:21.67,26.2 1 1
github.com/frisky1985/yuleDKCS/backend/cloud/hub/internal/adapter/ccc_adapter.go:28.40,28.59 1 1
github.com/frisky1985/yuleDKCS/backend/cloud/hub/internal/adapter/ccc_adapter.go:29.40,29.60 1 1
github.com/frisky1985/yuleDKCS/backend/cloud/hub/internal/adapter/ccc_adapter.go:31.104,79.2 4 1
github.com/frisky1985/yuleDKCS/backend/cloud/hub/internal/adapter/ccc_adapter.go:81.73,87.2 2 1
github.com/frisky1985/yuleDKCS/backend/cloud/hub/internal/adapter/ccc_adapter.go:89.91,94.2 2 1
github.com/frisky1985/yuleDKCS/backend/cloud/hub/internal/adapter/ccc_adapter.go:96.113,110.2 2 1
github.com/frisky1985/yuleDKCS/backend/cloud/hub/internal/adapter/ccc_adapter.go:112.116,124.2 2 1
github.com/frisky1985/yuleDKCS/backend/cloud/hub/internal/adapter/ccc_adapter.go:126.109,131.2 2 1
github.com/frisky1985/yuleDKCS/backend/cloud/hub/internal/adapter/ccc_adapter.go:133.82,143.2 1 1
github.com/frisky1985/yuleDKCS/backend/cloud/hub/internal/adapter/icce_adapter.go:18.69,23.2 1 1
github.com/frisky1985/yuleDKCS/backend/cloud/hub/internal/adapter/icce_adapter.go:25.41,25.60 1 1
github.com/frisky1985/yuleDKCS/backend/cloud/hub/internal/adapter/icce_adapter.go:26.41,26.58 1 1
github.com/frisky1985/yuleDKCS/backend/cloud/hub/internal/adapter/icce_adapter.go:28.105,56.2 4 1
github.com/frisky1985/yuleDKCS/backend/cloud/hub/internal/adapter/icce_adapter.go:58.74,66.2 1 1
github.com/frisky1985/yuleDKCS/backend/cloud/hub/internal/adapter/icce_adapter.go:68.92,70.2 1 1
github.com/frisky1985/yuleDKCS/backend/cloud/hub/internal/adapter/icce_adapter.go:72.114,77.2 1 1
github.com/frisky1985/yuleDKCS/backend/cloud/hub/internal/adapter/icce_adapter.go:79.117,88.2 1 1
github.com/frisky1985/yuleDKCS/backend/cloud/hub/internal/adapter/icce_adapter.go:90.110,92.2 1 1
github.com/frisky1985/yuleDKCS/backend/cloud/hub/internal/adapter/icce_adapter.go:94.83,101.2 1 1
github.com/frisky1985/yuleDKCS/backend/cloud/hub/internal/adapter/iccoa_adapter.go:19.71,24.2 1 1
github.com/frisky1985/yuleDKCS/backend/cloud/hub/internal/adapter/iccoa_adapter.go:26.42,26.61 1 1
github.com/frisky1985/yuleDKCS/backend/cloud/hub/internal/adapter/iccoa_adapter.go:27.42,27.65 1 1
github.com/frisky1985/yuleDKCS/backend/cloud/hub/internal/adapter/iccoa_adapter.go:29.106,65.2 4 1
github.com/frisky1985/yuleDKCS/backend/cloud/hub/internal/adapter/iccoa_adapter.go:67.75,75.2 2 1
github.com/frisky1985/yuleDKCS/backend/cloud/hub/internal/adapter/iccoa_adapter.go:77.93,81.2 2 1
github.com/frisky1985/yuleDKCS/backend/cloud/hub/internal/adapter/iccoa_adapter.go:83.115,92.2 2 1
github.com/frisky1985/yuleDKCS/backend/cloud/hub/internal/adapter/iccoa_adapter.go:94.118,104.2 2 1
github.com/frisky1985/yuleDKCS/backend/cloud/hub/internal/adapter/iccoa_adapter.go:106.111,108.2 1 1
github.com/frisky1985/yuleDKCS/backend/cloud/hub/internal/adapter/iccoa_adapter.go:110.84,117.2 1 1
github.com/frisky1985/yuleDKCS/backend/cloud/hub/internal/adapter/registry.go:40.48,45.2 1 1
github.com/frisky1985/yuleDKCS/backend/cloud/hub/internal/adapter/registry.go:47.65,56.2 5 1
github.com/frisky1985/yuleDKCS/backend/cloud/hub/internal/adapter/registry.go:58.72,64.2 5 1
github.com/frisky1985/yuleDKCS/backend/cloud/hub/internal/adapter/registry.go:67.63,70.31 3 1
github.com/frisky1985/yuleDKCS/backend/cloud/hub/internal/adapter/registry.go:70.31,71.27 1 1
github.com/frisky1985/yuleDKCS/backend/cloud/hub/internal/adapter/registry.go:71.27,73.4 1 1
github.com/frisky1985/yuleDKCS/backend/cloud/hub/internal/adapter/registry.go:75.2,75.19 1 1
github.com/frisky1985/yuleDKCS/backend/cloud/hub/internal/adapter/registry.go:78.72,82.31 4 1
github.com/frisky1985/yuleDKCS/backend/cloud/hub/internal/adapter/registry.go:82.31,84.17 2 1
github.com/frisky1985/yuleDKCS/backend/cloud/hub/internal/adapter/registry.go:84.17,98.4 2 1
github.com/frisky1985/yuleDKCS/backend/cloud/hub/internal/adapter/registry.go:99.3,99.38 1 1
github.com/frisky1985/yuleDKCS/backend/cloud/hub/internal/adapter/registry.go:101.2,101.17 1 1
github.com/frisky1985/yuleDKCS/backend/cloud/hub/internal/gateway/device_handlers.go:16.54,18.16 2 1
github.com/frisky1985/yuleDKCS/backend/cloud/hub/internal/gateway/device_handlers.go:18.16,21.3 2 0
github.com/frisky1985/yuleDKCS/backend/cloud/hub/internal/gateway/device_handlers.go:23.2,33.47 2 1
github.com/frisky1985/yuleDKCS/backend/cloud/hub/internal/gateway/device_handlers.go:33.47,36.3 2 1
github.com/frisky1985/yuleDKCS/backend/cloud/hub/internal/gateway/device_handlers.go:38.2,50.16 3 1
github.com/frisky1985/yuleDKCS/backend/cloud/hub/internal/gateway/device_handlers.go:50.16,54.3 3 0
github.com/frisky1985/yuleDKCS/backend/cloud/hub/internal/gateway/device_handlers.go:56.2,64.4 1 1
github.com/frisky1985/yuleDKCS/backend/cloud/hub/internal/gateway/device_handlers.go:68.51,70.16 2 1
github.com/frisky1985/yuleDKCS/backend/cloud/hub/internal/gateway/device_handlers.go:70.16,73.3 2 0
github.com/frisky1985/yuleDKCS/backend/cloud/hub/internal/gateway/device_handlers.go:75.2,76.16 2 1
github.com/frisky1985/yuleDKCS/backend/cloud/hub/internal/gateway/device_handlers.go:76.16,79.3 2 0
github.com/frisky1985/yuleDKCS/backend/cloud/hub/internal/gateway/device_handlers.go:81.2,82.28 2 1
github.com/frisky1985/yuleDKCS/backend/cloud/hub/internal/gateway/device_handlers.go:82.28,94.3 1 1
github.com/frisky1985/yuleDKCS/backend/cloud/hub/internal/gateway/device_handlers.go:96.2,96.49 1 1
github.com/frisky1985/yuleDKCS/backend/cloud/hub/internal/gateway/device_handlers.go:100.49,102.16 2 1
github.com/frisky1985/yuleDKCS/backend/cloud/hub/internal/gateway/device_handlers.go:102.16,105.3 2 0
github.com/frisky1985/yuleDKCS/backend/cloud/hub/internal/gateway/device_handlers.go:107.2,109.16 3 1
github.com/frisky1985/yuleDKCS/backend/cloud/hub/internal/gateway/device_handlers.go:109.16,112.3 2 1
github.com/frisky1985/yuleDKCS/backend/cloud/hub/internal/gateway/device_handlers.go:113.2,113.29 1 1
github.com/frisky1985/yuleDKCS/backend/cloud/hub/internal/gateway/device_handlers.go:113.29,116.3 2 1
github.com/frisky1985/yuleDKCS/backend/cloud/hub/internal/gateway/device_handlers.go:118.2,130.4 1 1
github.com/frisky1985/yuleDKCS/backend/cloud/hub/internal/gateway/device_handlers.go:135.55,137.16 2 1
github.com/frisky1985/yuleDKCS/backend/cloud/hub/internal/gateway/device_handlers.go:137.16,140.3 2 0
github.com/frisky1985/yuleDKCS/backend/cloud/hub/internal/gateway/device_handlers.go:142.2,147.47 3 1
github.com/frisky1985/yuleDKCS/backend/cloud/hub/internal/gateway/device_handlers.go:147.47,150.3 2 1
github.com/frisky1985/yuleDKCS/backend/cloud/hub/internal/gateway/device_handlers.go:153.2,154.16 2 1
github.com/frisky1985/yuleDKCS/backend/cloud/hub/internal/gateway/device_handlers.go:154.16,157.3 2 1
github.com/frisky1985/yuleDKCS/backend/cloud/hub/internal/gateway/device_handlers.go:158.2,158.29 1 1
github.com/frisky1985/yuleDKCS/backend/cloud/hub/internal/gateway/device_handlers.go:158.29,161.3 2 1
github.com/frisky1985/yuleDKCS/backend/cloud/hub/internal/gateway/device_handlers.go:164.2,165.29 2 1
github.com/frisky1985/yuleDKCS/backend/cloud/hub/internal/gateway/device_handlers.go:165.29,165.69 1 1
github.com/frisky1985/yuleDKCS/backend/cloud/hub/internal/gateway/device_handlers.go:166.2,166.29 1 1
github.com/frisky1985/yuleDKCS/backend/cloud/hub/internal/gateway/device_handlers.go:166.29,166.69 1 1
github.com/frisky1985/yuleDKCS/backend/cloud/hub/internal/gateway/device_handlers.go:167.2,167.29 1 1
github.com/frisky1985/yuleDKCS/backend/cloud/hub/internal/gateway/device_handlers.go:167.29,167.69 1 0
github.com/frisky1985/yuleDKCS/backend/cloud/hub/internal/gateway/device_handlers.go:170.2,171.16 2 1
github.com/frisky1985/yuleDKCS/backend/cloud/hub/internal/gateway/device_handlers.go:171.16,175.3 3 0
github.com/frisky1985/yuleDKCS/backend/cloud/hub/internal/gateway/device_handlers.go:177.2,184.4 1 1
github.com/frisky1985/yuleDKCS/backend/cloud/hub/internal/gateway/device_handlers.go:188.52,190.16 2 1
github.com/frisky1985/yuleDKCS/backend/cloud/hub/internal/gateway/device_handlers.go:190.16,193.3 2 0
github.com/frisky1985/yuleDKCS/backend/cloud/hub/internal/gateway/device_handlers.go:195.2,197.16 3 1
github.com/frisky1985/yuleDKCS/backend/cloud/hub/internal/gateway/device_handlers.go:197.16,201.3 3 0
github.com/frisky1985/yuleDKCS/backend/cloud/hub/internal/gateway/device_handlers.go:203.2,207.4 1 1
github.com/frisky1985/yuleDKCS/backend/cloud/hub/internal/gateway/device_handlers.go:211.52,213.16 2 1
github.com/frisky1985/yuleDKCS/backend/cloud/hub/internal/gateway/device_handlers.go:213.16,216.3 2 0
github.com/frisky1985/yuleDKCS/backend/cloud/hub/internal/gateway/device_handlers.go:218.2,219.92 2 1
github.com/frisky1985/yuleDKCS/backend/cloud/hub/internal/gateway/device_handlers.go:219.92,223.3 3 1
github.com/frisky1985/yuleDKCS/backend/cloud/hub/internal/gateway/device_handlers.go:225.2,225.74 1 1
github.com/frisky1985/yuleDKCS/backend/cloud/hub/internal/gateway/device_handlers.go:229.75,231.13 2 1
github.com/frisky1985/yuleDKCS/backend/cloud/hub/internal/gateway/device_handlers.go:231.13,233.3 1 1
github.com/frisky1985/yuleDKCS/backend/cloud/hub/internal/gateway/device_handlers.go:234.2,235.9 2 1
github.com/frisky1985/yuleDKCS/backend/cloud/hub/internal/gateway/device_handlers.go:235.9,237.3 1 1
github.com/frisky1985/yuleDKCS/backend/cloud/hub/internal/gateway/device_handlers.go:238.2,240.32 3 1
github.com/frisky1985/yuleDKCS/backend/cloud/hub/internal/gateway/rest_gateway.go:61.59,70.2 3 1
github.com/frisky1985/yuleDKCS/backend/cloud/hub/internal/gateway/rest_gateway.go:74.63,81.13 5 1
github.com/frisky1985/yuleDKCS/backend/cloud/hub/internal/gateway/rest_gateway.go:81.13,88.3 2 1
github.com/frisky1985/yuleDKCS/backend/cloud/hub/internal/gateway/rest_gateway.go:91.2,93.39 3 1
github.com/frisky1985/yuleDKCS/backend/cloud/hub/internal/gateway/rest_gateway.go:93.39,95.3 1 1
github.com/frisky1985/yuleDKCS/backend/cloud/hub/internal/gateway/rest_gateway.go:96.2,99.26 2 1
github.com/frisky1985/yuleDKCS/backend/cloud/hub/internal/gateway/rest_gateway.go:99.26,102.3 2 1
github.com/frisky1985/yuleDKCS/backend/cloud/hub/internal/gateway/rest_gateway.go:105.2,107.26 3 1
github.com/frisky1985/yuleDKCS/backend/cloud/hub/internal/gateway/rest_gateway.go:111.60,114.21 3 1
github.com/frisky1985/yuleDKCS/backend/cloud/hub/internal/gateway/rest_gateway.go:114.21,117.39 3 0
github.com/frisky1985/yuleDKCS/backend/cloud/hub/internal/gateway/rest_gateway.go:117.39,118.40 1 0
github.com/frisky1985/yuleDKCS/backend/cloud/hub/internal/gateway/rest_gateway.go:118.40,120.5 1 0
github.com/frisky1985/yuleDKCS/backend/cloud/hub/internal/gateway/rest_gateway.go:122.3,122.17 1 0
github.com/frisky1985/yuleDKCS/backend/cloud/hub/internal/gateway/rest_gateway.go:142.76,150.2 1 1
github.com/frisky1985/yuleDKCS/backend/cloud/hub/internal/gateway/rest_gateway.go:153.65,156.2 2 1
github.com/frisky1985/yuleDKCS/backend/cloud/hub/internal/gateway/rest_gateway.go:159.72,162.2 2 1
github.com/frisky1985/yuleDKCS/backend/cloud/hub/internal/gateway/rest_gateway.go:166.77,167.24 1 1
github.com/frisky1985/yuleDKCS/backend/cloud/hub/internal/gateway/rest_gateway.go:167.24,169.20 2 1
github.com/frisky1985/yuleDKCS/backend/cloud/hub/internal/gateway/rest_gateway.go:169.20,171.4 1 1
github.com/frisky1985/yuleDKCS/backend/cloud/hub/internal/gateway/rest_gateway.go:172.3,176.4 2 1
github.com/frisky1985/yuleDKCS/backend/cloud/hub/internal/gateway/rest_gateway.go:177.8,179.3 1 1
github.com/frisky1985/yuleDKCS/backend/cloud/hub/internal/gateway/rest_gateway.go:180.2,180.10 1 1
github.com/frisky1985/yuleDKCS/backend/cloud/hub/internal/gateway/rest_gateway.go:183.48,185.23 1 0
github.com/frisky1985/yuleDKCS/backend/cloud/hub/internal/gateway/rest_gateway.go:185.23,187.3 1 0
github.com/frisky1985/yuleDKCS/backend/cloud/hub/internal/gateway/rest_gateway.go:189.2,190.33 2 0
github.com/frisky1985/yuleDKCS/backend/cloud/hub/internal/gateway/rest_gateway.go:190.33,191.24 1 0
github.com/frisky1985/yuleDKCS/backend/cloud/hub/internal/gateway/rest_gateway.go:191.24,193.4 1 0
github.com/frisky1985/yuleDKCS/backend/cloud/hub/internal/gateway/rest_gateway.go:196.2,201.26 4 0
github.com/frisky1985/yuleDKCS/backend/cloud/hub/internal/gateway/rest_gateway.go:201.26,203.3 1 0
github.com/frisky1985/yuleDKCS/backend/cloud/hub/internal/gateway/rest_gateway.go:206.2,206.40 1 0
github.com/frisky1985/yuleDKCS/backend/cloud/hub/internal/gateway/rest_gateway.go:206.40,208.3 1 0
github.com/frisky1985/yuleDKCS/backend/cloud/hub/internal/gateway/rest_gateway.go:210.2,215.2 4 0
github.com/frisky1985/yuleDKCS/backend/cloud/hub/internal/gateway/rest_gateway.go:215.2,218.3 2 0
github.com/frisky1985/yuleDKCS/backend/cloud/hub/internal/gateway/rest_gateway.go:218.3,227.4 8 0
github.com/frisky1985/yuleDKCS/backend/cloud/hub/internal/gateway/rest_gateway.go:230.3,231.3 2 0
github.com/frisky1985/yuleDKCS/backend/cloud/hub/internal/gateway/rest_gateway.go:231.3,236.4 4 0
github.com/frisky1985/yuleDKCS/backend/cloud/hub/internal/gateway/rest_gateway.go:239.3,240.3 2 0
github.com/frisky1985/yuleDKCS/backend/cloud/hub/internal/gateway/rest_gateway.go:240.3,243.4 2 0
github.com/frisky1985/yuleDKCS/backend/cloud/hub/internal/gateway/rest_gateway.go:246.3,247.3 2 0
github.com/frisky1985/yuleDKCS/backend/cloud/hub/internal/gateway/rest_gateway.go:247.3,250.4 2 0
github.com/frisky1985/yuleDKCS/backend/cloud/hub/internal/gateway/rest_gateway.go:254.3,255.3 2 0
github.com/frisky1985/yuleDKCS/backend/cloud/hub/internal/gateway/rest_gateway.go:255.3,259.4 3 0
github.com/frisky1985/yuleDKCS/backend/cloud/hub/internal/gateway/rest_gateway.go:262.3,263.3 2 0
github.com/frisky1985/yuleDKCS/backend/cloud/hub/internal/gateway/rest_gateway.go:263.3,270.4 6 0
github.com/frisky1985/yuleDKCS/backend/cloud/hub/internal/gateway/rest_gateway.go:273.2,280.35 2 0
github.com/frisky1985/yuleDKCS/backend/cloud/hub/internal/gateway/rest_gateway.go:283.59,284.22 1 1
github.com/frisky1985/yuleDKCS/backend/cloud/hub/internal/gateway/rest_gateway.go:284.22,286.3 1 0
github.com/frisky1985/yuleDKCS/backend/cloud/hub/internal/gateway/rest_gateway.go:287.2,287.12 1 1
github.com/frisky1985/yuleDKCS/backend/cloud/hub/internal/gateway/rest_gateway.go:292.58,293.30 1 1
github.com/frisky1985/yuleDKCS/backend/cloud/hub/internal/gateway/rest_gateway.go:293.30,303.3 3 1
github.com/frisky1985/yuleDKCS/backend/cloud/hub/internal/gateway/rest_gateway.go:308.61,309.30 1 1
github.com/frisky1985/yuleDKCS/backend/cloud/hub/internal/gateway/rest_gateway.go:309.30,312.15 3 1
github.com/frisky1985/yuleDKCS/backend/cloud/hub/internal/gateway/rest_gateway.go:312.15,327.4 5 1
github.com/frisky1985/yuleDKCS/backend/cloud/hub/internal/gateway/rest_gateway.go:328.3,328.11 1 1
github.com/frisky1985/yuleDKCS/backend/cloud/hub/internal/gateway/rest_gateway.go:333.56,334.30 1 1
github.com/frisky1985/yuleDKCS/backend/cloud/hub/internal/gateway/rest_gateway.go:334.30,336.23 2 1
github.com/frisky1985/yuleDKCS/backend/cloud/hub/internal/gateway/rest_gateway.go:336.23,340.4 2 1
github.com/frisky1985/yuleDKCS/backend/cloud/hub/internal/gateway/rest_gateway.go:342.3,343.41 2 1
github.com/frisky1985/yuleDKCS/backend/cloud/hub/internal/gateway/rest_gateway.go:343.41,347.4 2 1
github.com/frisky1985/yuleDKCS/backend/cloud/hub/internal/gateway/rest_gateway.go:349.3,350.17 2 1
github.com/frisky1985/yuleDKCS/backend/cloud/hub/internal/gateway/rest_gateway.go:350.17,355.4 3 1
github.com/frisky1985/yuleDKCS/backend/cloud/hub/internal/gateway/rest_gateway.go:358.3,368.11 5 1
github.com/frisky1985/yuleDKCS/backend/cloud/hub/internal/gateway/rest_gateway.go:374.81,375.23 1 1
github.com/frisky1985/yuleDKCS/backend/cloud/hub/internal/gateway/rest_gateway.go:375.23,377.3 1 1
github.com/frisky1985/yuleDKCS/backend/cloud/hub/internal/gateway/rest_gateway.go:379.2,379.83 1 1
github.com/frisky1985/yuleDKCS/backend/cloud/hub/internal/gateway/rest_gateway.go:379.83,380.58 1 1
github.com/frisky1985/yuleDKCS/backend/cloud/hub/internal/gateway/rest_gateway.go:380.58,382.4 1 0
github.com/frisky1985/yuleDKCS/backend/cloud/hub/internal/gateway/rest_gateway.go:383.3,383.34 1 1
github.com/frisky1985/yuleDKCS/backend/cloud/hub/internal/gateway/rest_gateway.go:385.2,385.16 1 1
github.com/frisky1985/yuleDKCS/backend/cloud/hub/internal/gateway/rest_gateway.go:385.16,387.3 1 1
github.com/frisky1985/yuleDKCS/backend/cloud/hub/internal/gateway/rest_gateway.go:389.2,390.25 2 1
github.com/frisky1985/yuleDKCS/backend/cloud/hub/internal/gateway/rest_gateway.go:390.25,392.3 1 0
github.com/frisky1985/yuleDKCS/backend/cloud/hub/internal/gateway/rest_gateway.go:395.2,396.43 2 1
github.com/frisky1985/yuleDKCS/backend/cloud/hub/internal/gateway/rest_gateway.go:396.43,398.3 1 0
github.com/frisky1985/yuleDKCS/backend/cloud/hub/internal/gateway/rest_gateway.go:400.2,403.18 3 1
github.com/frisky1985/yuleDKCS/backend/cloud/hub/internal/gateway/rest_gateway.go:403.18,405.3 1 1
github.com/frisky1985/yuleDKCS/backend/cloud/hub/internal/gateway/rest_gateway.go:406.2,406.16 1 1
github.com/frisky1985/yuleDKCS/backend/cloud/hub/internal/gateway/rest_gateway.go:406.16,408.3 1 1
github.com/frisky1985/yuleDKCS/backend/cloud/hub/internal/gateway/rest_gateway.go:410.2,410.26 1 1
github.com/frisky1985/yuleDKCS/backend/cloud/hub/internal/gateway/rest_gateway.go:415.45,420.47 2 1
github.com/frisky1985/yuleDKCS/backend/cloud/hub/internal/gateway/rest_gateway.go:420.47,424.3 2 1
github.com/frisky1985/yuleDKCS/backend/cloud/hub/internal/gateway/rest_gateway.go:426.2,426.44 1 1
github.com/frisky1985/yuleDKCS/backend/cloud/hub/internal/gateway/rest_gateway.go:426.44,430.3 2 1
github.com/frisky1985/yuleDKCS/backend/cloud/hub/internal/gateway/rest_gateway.go:434.2,435.21 2 1
github.com/frisky1985/yuleDKCS/backend/cloud/hub/internal/gateway/rest_gateway.go:435.21,437.3 1 0
github.com/frisky1985/yuleDKCS/backend/cloud/hub/internal/gateway/rest_gateway.go:438.2,439.21 2 1
github.com/frisky1985/yuleDKCS/backend/cloud/hub/internal/gateway/rest_gateway.go:439.21,441.3 1 0
github.com/frisky1985/yuleDKCS/backend/cloud/hub/internal/gateway/rest_gateway.go:443.2,443.58 1 1
github.com/frisky1985/yuleDKCS/backend/cloud/hub/internal/gateway/rest_gateway.go:443.58,448.3 3 1
github.com/frisky1985/yuleDKCS/backend/cloud/hub/internal/gateway/rest_gateway.go:451.2,461.16 5 1
github.com/frisky1985/yuleDKCS/backend/cloud/hub/internal/gateway/rest_gateway.go:461.16,466.3 3 0
github.com/frisky1985/yuleDKCS/backend/cloud/hub/internal/gateway/rest_gateway.go:468.2,473.4 2 1
github.com/frisky1985/yuleDKCS/backend/cloud/hub/internal/gateway/rest_gateway.go:478.75,480.2 1 1
github.com/frisky1985/yuleDKCS/backend/cloud/hub/internal/gateway/rest_gateway.go:482.65,484.2 1 1
github.com/frisky1985/yuleDKCS/backend/cloud/hub/internal/gateway/rest_gateway.go:486.77,488.2 1 1
github.com/frisky1985/yuleDKCS/backend/cloud/hub/internal/gateway/rest_gateway.go:490.73,492.2 1 1
github.com/frisky1985/yuleDKCS/backend/cloud/hub/internal/gateway/rest_gateway.go:498.81,499.17 1 1
github.com/frisky1985/yuleDKCS/backend/cloud/hub/internal/gateway/rest_gateway.go:499.17,508.3 3 1
github.com/frisky1985/yuleDKCS/backend/cloud/hub/internal/gateway/rest_gateway.go:509.2,509.13 1 0
github.com/frisky1985/yuleDKCS/backend/cloud/hub/internal/gateway/rest_gateway.go:514.66,519.19 4 1
github.com/frisky1985/yuleDKCS/backend/cloud/hub/internal/gateway/rest_gateway.go:520.22,522.31 2 1
github.com/frisky1985/yuleDKCS/backend/cloud/hub/internal/gateway/rest_gateway.go:523.30,525.39 2 1
github.com/frisky1985/yuleDKCS/backend/cloud/hub/internal/gateway/rest_gateway.go:526.29,528.37 2 1
github.com/frisky1985/yuleDKCS/backend/cloud/hub/internal/gateway/rest_gateway.go:529.22,531.30 2 1
github.com/frisky1985/yuleDKCS/backend/cloud/hub/internal/gateway/rest_gateway.go:532.29,534.38 2 1
github.com/frisky1985/yuleDKCS/backend/cloud/hub/internal/gateway/rest_gateway.go:535.25,537.33 2 1
github.com/frisky1985/yuleDKCS/backend/cloud/hub/internal/gateway/rest_gateway.go:538.30,540.39 2 1
github.com/frisky1985/yuleDKCS/backend/cloud/hub/internal/gateway/rest_gateway.go:541.31,543.40 2 1
github.com/frisky1985/yuleDKCS/backend/cloud/hub/internal/gateway/rest_gateway.go:544.10,546.29 2 1
github.com/frisky1985/yuleDKCS/backend/cloud/hub/internal/gateway/rest_gateway.go:549.2,560.4 2 1
github.com/frisky1985/yuleDKCS/backend/cloud/hub/internal/gateway/rest_gateway.go:564.70,566.16 2 1
github.com/frisky1985/yuleDKCS/backend/cloud/hub/internal/gateway/rest_gateway.go:566.16,571.3 3 0
github.com/frisky1985/yuleDKCS/backend/cloud/hub/internal/gateway/rest_gateway.go:572.2,572.48 1 1
github.com/frisky1985/yuleDKCS/backend/cloud/hub/internal/gateway/rest_gateway.go:576.74,578.16 2 1
github.com/frisky1985/yuleDKCS/backend/cloud/hub/internal/gateway/rest_gateway.go:578.16,580.3 1 0
github.com/frisky1985/yuleDKCS/backend/cloud/hub/internal/gateway/rest_gateway.go:581.2,581.55 1 1
github.com/frisky1985/yuleDKCS/backend/cloud/hub/internal/gateway/rest_gateway.go:581.55,583.3 1 1
github.com/frisky1985/yuleDKCS/backend/cloud/hub/internal/gateway/rest_gateway.go:584.2,584.12 1 1
github.com/frisky1985/yuleDKCS/backend/cloud/hub/internal/gateway/rest_gateway.go:590.47,591.37 1 1
github.com/frisky1985/yuleDKCS/backend/cloud/hub/internal/gateway/rest_gateway.go:591.37,593.3 1 1
github.com/frisky1985/yuleDKCS/backend/cloud/hub/internal/gateway/rest_gateway.go:595.2,599.45 4 0
github.com/frisky1985/yuleDKCS/backend/cloud/hub/internal/gateway/rest_gateway.go:599.45,603.3 2 0
github.com/frisky1985/yuleDKCS/backend/cloud/hub/internal/gateway/rest_gateway.go:605.2,605.22 1 0
github.com/frisky1985/yuleDKCS/backend/cloud/hub/internal/gateway/rest_gateway.go:605.22,607.3 1 0
github.com/frisky1985/yuleDKCS/backend/cloud/hub/internal/gateway/rest_gateway.go:609.2,611.16 3 0
github.com/frisky1985/yuleDKCS/backend/cloud/hub/internal/gateway/rest_gateway.go:611.16,614.3 2 0
github.com/frisky1985/yuleDKCS/backend/cloud/hub/internal/gateway/rest_gateway.go:616.2,621.23 2 0
github.com/frisky1985/yuleDKCS/backend/cloud/hub/internal/gateway/rest_gateway.go:625.49,626.37 1 1
github.com/frisky1985/yuleDKCS/backend/cloud/hub/internal/gateway/rest_gateway.go:626.37,628.3 1 1
github.com/frisky1985/yuleDKCS/backend/cloud/hub/internal/gateway/rest_gateway.go:630.2,639.16 5 0
github.com/frisky1985/yuleDKCS/backend/cloud/hub/internal/gateway/rest_gateway.go:639.16,642.3 2 0
github.com/frisky1985/yuleDKCS/backend/cloud/hub/internal/gateway/rest_gateway.go:644.2,645.23 2 0
github.com/frisky1985/yuleDKCS/backend/cloud/hub/internal/gateway/rest_gateway.go:649.50,650.37 1 1
github.com/frisky1985/yuleDKCS/backend/cloud/hub/internal/gateway/rest_gateway.go:650.37,652.3 1 1
github.com/frisky1985/yuleDKCS/backend/cloud/hub/internal/gateway/rest_gateway.go:654.2,671.16 8 0
github.com/frisky1985/yuleDKCS/backend/cloud/hub/internal/gateway/rest_gateway.go:671.16,674.3 2 0
github.com/frisky1985/yuleDKCS/backend/cloud/hub/internal/gateway/rest_gateway.go:676.2,680.23 2 0
github.com/frisky1985/yuleDKCS/backend/cloud/hub/internal/gateway/rest_gateway.go:684.49,685.37 1 1
github.com/frisky1985/yuleDKCS/backend/cloud/hub/internal/gateway/rest_gateway.go:685.37,687.3 1 1
github.com/frisky1985/yuleDKCS/backend/cloud/hub/internal/gateway/rest_gateway.go:689.2,698.16 5 0
github.com/frisky1985/yuleDKCS/backend/cloud/hub/internal/gateway/rest_gateway.go:698.16,701.3 2 0
github.com/frisky1985/yuleDKCS/backend/cloud/hub/internal/gateway/rest_gateway.go:703.2,704.23 2 0
github.com/frisky1985/yuleDKCS/backend/cloud/hub/internal/gateway/rest_gateway.go:708.49,709.37 1 1
github.com/frisky1985/yuleDKCS/backend/cloud/hub/internal/gateway/rest_gateway.go:709.37,711.3 1 1
github.com/frisky1985/yuleDKCS/backend/cloud/hub/internal/gateway/rest_gateway.go:713.2,730.16 9 0
github.com/frisky1985/yuleDKCS/backend/cloud/hub/internal/gateway/rest_gateway.go:730.16,733.3 2 0
github.com/frisky1985/yuleDKCS/backend/cloud/hub/internal/gateway/rest_gateway.go:735.2,739.23 2 0
github.com/frisky1985/yuleDKCS/backend/cloud/hub/internal/gateway/rest_gateway.go:743.48,744.37 1 1
github.com/frisky1985/yuleDKCS/backend/cloud/hub/internal/gateway/rest_gateway.go:744.37,746.3 1 1
github.com/frisky1985/yuleDKCS/backend/cloud/hub/internal/gateway/rest_gateway.go:748.2,753.48 3 0
github.com/frisky1985/yuleDKCS/backend/cloud/hub/internal/gateway/rest_gateway.go:753.48,757.3 2 0
github.com/frisky1985/yuleDKCS/backend/cloud/hub/internal/gateway/rest_gateway.go:759.2,767.16 4 0
github.com/frisky1985/yuleDKCS/backend/cloud/hub/internal/gateway/rest_gateway.go:767.16,770.3 2 0
github.com/frisky1985/yuleDKCS/backend/cloud/hub/internal/gateway/rest_gateway.go:772.2,776.23 2 0
github.com/frisky1985/yuleDKCS/backend/cloud/hub/internal/gateway/rest_gateway.go:780.46,781.37 1 1
github.com/frisky1985/yuleDKCS/backend/cloud/hub/internal/gateway/rest_gateway.go:781.37,783.3 1 1
github.com/frisky1985/yuleDKCS/backend/cloud/hub/internal/gateway/rest_gateway.go:785.2,793.16 5 0
github.com/frisky1985/yuleDKCS/backend/cloud/hub/internal/gateway/rest_gateway.go:793.16,796.3 2 0
github.com/frisky1985/yuleDKCS/backend/cloud/hub/internal/gateway/rest_gateway.go:798.2,799.23 2 0
github.com/frisky1985/yuleDKCS/backend/cloud/hub/internal/gateway/rest_gateway.go:803.48,804.37 1 1
github.com/frisky1985/yuleDKCS/backend/cloud/hub/internal/gateway/rest_gateway.go:804.37,806.3 1 1
github.com/frisky1985/yuleDKCS/backend/cloud/hub/internal/gateway/rest_gateway.go:808.2,810.42 2 0
github.com/frisky1985/yuleDKCS/backend/cloud/hub/internal/gateway/rest_gateway.go:810.42,812.3 1 0
github.com/frisky1985/yuleDKCS/backend/cloud/hub/internal/gateway/rest_gateway.go:813.2,813.45 1 0
github.com/frisky1985/yuleDKCS/backend/cloud/hub/internal/gateway/rest_gateway.go:813.45,815.3 1 0
github.com/frisky1985/yuleDKCS/backend/cloud/hub/internal/gateway/rest_gateway.go:816.2,816.50 1 0
github.com/frisky1985/yuleDKCS/backend/cloud/hub/internal/gateway/rest_gateway.go:816.50,817.68 1 0
github.com/frisky1985/yuleDKCS/backend/cloud/hub/internal/gateway/rest_gateway.go:817.68,819.4 1 0
github.com/frisky1985/yuleDKCS/backend/cloud/hub/internal/gateway/rest_gateway.go:821.2,821.53 1 0
github.com/frisky1985/yuleDKCS/backend/cloud/hub/internal/gateway/rest_gateway.go:821.53,823.3 1 0
github.com/frisky1985/yuleDKCS/backend/cloud/hub/internal/gateway/rest_gateway.go:825.2,827.16 3 0
github.com/frisky1985/yuleDKCS/backend/cloud/hub/internal/gateway/rest_gateway.go:827.16,830.3 2 0
github.com/frisky1985/yuleDKCS/backend/cloud/hub/internal/gateway/rest_gateway.go:832.2,836.23 2 0
github.com/frisky1985/yuleDKCS/backend/cloud/hub/internal/gateway/rest_gateway.go:842.51,843.37 1 1
github.com/frisky1985/yuleDKCS/backend/cloud/hub/internal/gateway/rest_gateway.go:843.37,845.3 1 1
github.com/frisky1985/yuleDKCS/backend/cloud/hub/internal/gateway/rest_gateway.go:847.2,851.45 4 0
github.com/frisky1985/yuleDKCS/backend/cloud/hub/internal/gateway/rest_gateway.go:851.45,855.3 2 0
github.com/frisky1985/yuleDKCS/backend/cloud/hub/internal/gateway/rest_gateway.go:856.2,856.26 1 0
github.com/frisky1985/yuleDKCS/backend/cloud/hub/internal/gateway/rest_gateway.go:856.26,858.3 1 0
github.com/frisky1985/yuleDKCS/backend/cloud/hub/internal/gateway/rest_gateway.go:860.2,862.16 3 0
github.com/frisky1985/yuleDKCS/backend/cloud/hub/internal/gateway/rest_gateway.go:862.16,865.3 2 0
github.com/frisky1985/yuleDKCS/backend/cloud/hub/internal/gateway/rest_gateway.go:867.2,871.23 2 0
github.com/frisky1985/yuleDKCS/backend/cloud/hub/internal/gateway/rest_gateway.go:875.51,876.37 1 1
github.com/frisky1985/yuleDKCS/backend/cloud/hub/internal/gateway/rest_gateway.go:876.37,878.3 1 1
github.com/frisky1985/yuleDKCS/backend/cloud/hub/internal/gateway/rest_gateway.go:880.2,884.45 4 0
github.com/frisky1985/yuleDKCS/backend/cloud/hub/internal/gateway/rest_gateway.go:884.45,888.3 2 0
github.com/frisky1985/yuleDKCS/backend/cloud/hub/internal/gateway/rest_gateway.go:889.2,889.22 1 0
github.com/frisky1985/yuleDKCS/backend/cloud/hub/internal/gateway/rest_gateway.go:889.22,891.3 1 0
github.com/frisky1985/yuleDKCS/backend/cloud/hub/internal/gateway/rest_gateway.go:893.2,895.16 3 0
github.com/frisky1985/yuleDKCS/backend/cloud/hub/internal/gateway/rest_gateway.go:895.16,898.3 2 0
github.com/frisky1985/yuleDKCS/backend/cloud/hub/internal/gateway/rest_gateway.go:900.2,901.23 2 0
github.com/frisky1985/yuleDKCS/backend/cloud/hub/internal/gateway/rest_gateway.go:905.51,906.37 1 1
github.com/frisky1985/yuleDKCS/backend/cloud/hub/internal/gateway/rest_gateway.go:906.37,908.3 1 1
github.com/frisky1985/yuleDKCS/backend/cloud/hub/internal/gateway/rest_gateway.go:910.2,919.16 5 0
github.com/frisky1985/yuleDKCS/backend/cloud/hub/internal/gateway/rest_gateway.go:919.16,922.3 2 0
github.com/frisky1985/yuleDKCS/backend/cloud/hub/internal/gateway/rest_gateway.go:924.2,925.23 2 0
github.com/frisky1985/yuleDKCS/backend/cloud/hub/internal/gateway/rest_gateway.go:929.48,930.37 1 1
github.com/frisky1985/yuleDKCS/backend/cloud/hub/internal/gateway/rest_gateway.go:930.37,932.3 1 1
github.com/frisky1985/yuleDKCS/backend/cloud/hub/internal/gateway/rest_gateway.go:934.2,942.16 5 0
github.com/frisky1985/yuleDKCS/backend/cloud/hub/internal/gateway/rest_gateway.go:942.16,945.3 2 0
github.com/frisky1985/yuleDKCS/backend/cloud/hub/internal/gateway/rest_gateway.go:947.2,948.23 2 0
github.com/frisky1985/yuleDKCS/backend/cloud/hub/internal/gateway/rest_gateway.go:954.51,955.37 1 1
github.com/frisky1985/yuleDKCS/backend/cloud/hub/internal/gateway/rest_gateway.go:955.37,957.3 1 1
github.com/frisky1985/yuleDKCS/backend/cloud/hub/internal/gateway/rest_gateway.go:959.2,970.48 5 0
github.com/frisky1985/yuleDKCS/backend/cloud/hub/internal/gateway/rest_gateway.go:970.48,974.3 2 0
github.com/frisky1985/yuleDKCS/backend/cloud/hub/internal/gateway/rest_gateway.go:976.2,988.16 4 0
github.com/frisky1985/yuleDKCS/backend/cloud/hub/internal/gateway/rest_gateway.go:988.16,991.3 2 0
github.com/frisky1985/yuleDKCS/backend/cloud/hub/internal/gateway/rest_gateway.go:993.2,998.23 2 0
github.com/frisky1985/yuleDKCS/backend/cloud/hub/internal/gateway/rest_gateway.go:1002.52,1003.37 1 0
github.com/frisky1985/yuleDKCS/backend/cloud/hub/internal/gateway/rest_gateway.go:1003.37,1005.3 1 0
github.com/frisky1985/yuleDKCS/backend/cloud/hub/internal/gateway/rest_gateway.go:1007.2,1015.16 5 0
github.com/frisky1985/yuleDKCS/backend/cloud/hub/internal/gateway/rest_gateway.go:1015.16,1018.3 2 0
github.com/frisky1985/yuleDKCS/backend/cloud/hub/internal/gateway/rest_gateway.go:1021.2,1029.34 5 0
github.com/frisky1985/yuleDKCS/backend/cloud/hub/internal/gateway/rest_gateway.go:1029.34,1031.17 2 0
github.com/frisky1985/yuleDKCS/backend/cloud/hub/internal/gateway/rest_gateway.go:1031.17,1032.59 1 0
github.com/frisky1985/yuleDKCS/backend/cloud/hub/internal/gateway/rest_gateway.go:1032.59,1036.5 1 0
github.com/frisky1985/yuleDKCS/backend/cloud/hub/internal/gateway/rest_gateway.go:1036.10,1041.5 1 0
github.com/frisky1985/yuleDKCS/backend/cloud/hub/internal/gateway/rest_gateway.go:1042.4,1042.16 1 0
github.com/frisky1985/yuleDKCS/backend/cloud/hub/internal/gateway/rest_gateway.go:1045.3,1046.17 2 0
github.com/frisky1985/yuleDKCS/backend/cloud/hub/internal/gateway/rest_gateway.go:1046.17,1049.4 2 0
github.com/frisky1985/yuleDKCS/backend/cloud/hub/internal/gateway/rest_gateway.go:1051.3,1052.22 2 0
github.com/frisky1985/yuleDKCS/backend/cloud/hub/internal/gateway/rest_gateway.go:1052.22,1058.4 2 0
github.com/frisky1985/yuleDKCS/backend/cloud/hub/internal/gateway/rest_gateway.go:1059.3,1059.14 1 0
github.com/frisky1985/yuleDKCS/backend/cloud/hub/internal/gateway/rest_gateway.go:1066.52,1067.37 1 1
github.com/frisky1985/yuleDKCS/backend/cloud/hub/internal/gateway/rest_gateway.go:1067.37,1069.3 1 1
github.com/frisky1985/yuleDKCS/backend/cloud/hub/internal/gateway/rest_gateway.go:1071.2,1074.16 4 0
github.com/frisky1985/yuleDKCS/backend/cloud/hub/internal/gateway/rest_gateway.go:1074.16,1077.3 2 0
github.com/frisky1985/yuleDKCS/backend/cloud/hub/internal/gateway/rest_gateway.go:1079.2,1083.23 2 0
github.com/frisky1985/yuleDKCS/backend/cloud/hub/internal/gateway/rest_gateway.go:1087.54,1088.37 1 1
github.com/frisky1985/yuleDKCS/backend/cloud/hub/internal/gateway/rest_gateway.go:1088.37,1090.3 1 1
github.com/frisky1985/yuleDKCS/backend/cloud/hub/internal/gateway/rest_gateway.go:1092.2,1095.16 4 0
github.com/frisky1985/yuleDKCS/backend/cloud/hub/internal/gateway/rest_gateway.go:1095.16,1098.3 2 0
github.com/frisky1985/yuleDKCS/backend/cloud/hub/internal/gateway/rest_gateway.go:1100.2,1104.23 2 0
github.com/frisky1985/yuleDKCS/backend/cloud/hub/internal/gateway/token_handler.go:18.50,20.16 2 1
github.com/frisky1985/yuleDKCS/backend/cloud/hub/internal/gateway/token_handler.go:20.16,23.3 2 0
github.com/frisky1985/yuleDKCS/backend/cloud/hub/internal/gateway/token_handler.go:25.2,32.47 2 1
github.com/frisky1985/yuleDKCS/backend/cloud/hub/internal/gateway/token_handler.go:32.47,35.3 2 1
github.com/frisky1985/yuleDKCS/backend/cloud/hub/internal/gateway/token_handler.go:37.2,39.14 3 1
github.com/frisky1985/yuleDKCS/backend/cloud/hub/internal/gateway/token_handler.go:39.14,41.3 1 1
github.com/frisky1985/yuleDKCS/backend/cloud/hub/internal/gateway/token_handler.go:43.2,44.16 2 1
github.com/frisky1985/yuleDKCS/backend/cloud/hub/internal/gateway/token_handler.go:44.16,48.3 3 0
github.com/frisky1985/yuleDKCS/backend/cloud/hub/internal/gateway/token_handler.go:50.2,54.4 1 1
github.com/frisky1985/yuleDKCS/backend/cloud/hub/internal/gateway/token_handler.go:58.50,60.16 2 1
github.com/frisky1985/yuleDKCS/backend/cloud/hub/internal/gateway/token_handler.go:60.16,63.3 2 0
github.com/frisky1985/yuleDKCS/backend/cloud/hub/internal/gateway/token_handler.go:65.2,67.27 3 1
github.com/frisky1985/yuleDKCS/backend/cloud/hub/internal/gateway/token_handler.go:67.27,76.3 1 1
github.com/frisky1985/yuleDKCS/backend/cloud/hub/internal/gateway/token_handler.go:78.2,78.48 1 1
github.com/frisky1985/yuleDKCS/backend/cloud/hub/internal/gateway/token_handler.go:82.51,86.16 3 1
github.com/frisky1985/yuleDKCS/backend/cloud/hub/internal/gateway/token_handler.go:86.16,92.3 2 1
github.com/frisky1985/yuleDKCS/backend/cloud/hub/internal/gateway/token_handler.go:94.2,102.4 1 1
github.com/frisky1985/yuleDKCS/backend/cloud/hub/internal/gateway/token_handler.go:106.51,108.16 2 1
github.com/frisky1985/yuleDKCS/backend/cloud/hub/internal/gateway/token_handler.go:108.16,111.3 2 0
github.com/frisky1985/yuleDKCS/backend/cloud/hub/internal/gateway/token_handler.go:113.2,114.59 2 1
github.com/frisky1985/yuleDKCS/backend/cloud/hub/internal/gateway/token_handler.go:114.59,117.3 2 1
github.com/frisky1985/yuleDKCS/backend/cloud/hub/internal/gateway/token_handler.go:119.2,119.72 1 1
github.com/frisky1985/yuleDKCS/backend/cloud/hub/internal/gateway/token_handler.go:124.57,138.25 3 1
github.com/frisky1985/yuleDKCS/backend/cloud/hub/internal/gateway/token_handler.go:138.25,139.24 1 1
github.com/frisky1985/yuleDKCS/backend/cloud/hub/internal/gateway/token_handler.go:139.24,141.4 1 1
github.com/frisky1985/yuleDKCS/backend/cloud/hub/internal/gateway/token_handler.go:143.2,143.21 1 1
github.com/frisky1985/yuleDKCS/backend/cloud/hub/internal/gateway/token_handler.go:143.21,145.3 1 1
github.com/frisky1985/yuleDKCS/backend/cloud/hub/internal/gateway/token_handler.go:146.2,146.14 1 1
github.com/frisky1985/yuleDKCS/backend/cloud/hub/internal/gateway/token_handler.go:149.59,151.26 2 1
github.com/frisky1985/yuleDKCS/backend/cloud/hub/internal/gateway/token_handler.go:151.26,152.12 1 1
github.com/frisky1985/yuleDKCS/backend/cloud/hub/internal/gateway/token_handler.go:153.23,154.25 1 1
github.com/frisky1985/yuleDKCS/backend/cloud/hub/internal/gateway/token_handler.go:155.30,156.27 1 1
github.com/frisky1985/yuleDKCS/backend/cloud/hub/internal/gateway/token_handler.go:157.24,158.26 1 1
github.com/frisky1985/yuleDKCS/backend/cloud/hub/internal/gateway/token_handler.go:159.25,160.27 1 1
github.com/frisky1985/yuleDKCS/backend/cloud/hub/internal/gateway/token_handler.go:161.26,162.28 1 1
github.com/frisky1985/yuleDKCS/backend/cloud/hub/internal/gateway/token_handler.go:163.23,164.25 1 1
github.com/frisky1985/yuleDKCS/backend/cloud/hub/internal/gateway/token_handler.go:165.23,166.25 1 1
github.com/frisky1985/yuleDKCS/backend/cloud/hub/internal/gateway/token_handler.go:167.24,168.26 1 1
github.com/frisky1985/yuleDKCS/backend/cloud/hub/internal/gateway/token_handler.go:169.29,170.32 1 1
github.com/frisky1985/yuleDKCS/backend/cloud/hub/internal/gateway/token_handler.go:171.28,172.31 1 1
github.com/frisky1985/yuleDKCS/backend/cloud/hub/internal/gateway/token_handler.go:175.2,175.10 1 1
github.com/frisky1985/yuleDKCS/backend/cloud/hub/internal/gateway/token_handler.go:181.53,186.16 3 1
github.com/frisky1985/yuleDKCS/backend/cloud/hub/internal/gateway/token_handler.go:186.16,192.3 2 1
github.com/frisky1985/yuleDKCS/backend/cloud/hub/internal/gateway/token_handler.go:199.2,209.16 4 1
github.com/frisky1985/yuleDKCS/backend/cloud/hub/internal/gateway/token_handler.go:209.16,216.3 3 0
github.com/frisky1985/yuleDKCS/backend/cloud/hub/internal/gateway/token_handler.go:218.2,225.4 1 1
github.com/frisky1985/yuleDKCS/backend/cloud/hub/internal/gateway/token_handler.go:229.52,231.16 2 1
github.com/frisky1985/yuleDKCS/backend/cloud/hub/internal/gateway/token_handler.go:231.16,234.3 2 0
github.com/frisky1985/yuleDKCS/backend/cloud/hub/internal/gateway/token_handler.go:236.2,237.60 2 1
github.com/frisky1985/yuleDKCS/backend/cloud/hub/internal/gateway/token_handler.go:237.60,240.3 2 1
github.com/frisky1985/yuleDKCS/backend/cloud/hub/internal/gateway/token_handler.go:242.2,242.74 1 1
github.com/frisky1985/yuleDKCS/backend/cloud/hub/internal/gateway/token_handler.go:246.51,248.16 2 1
github.com/frisky1985/yuleDKCS/backend/cloud/hub/internal/gateway/token_handler.go:248.16,251.3 2 0
github.com/frisky1985/yuleDKCS/backend/cloud/hub/internal/gateway/token_handler.go:253.2,254.59 2 1
github.com/frisky1985/yuleDKCS/backend/cloud/hub/internal/gateway/token_handler.go:254.59,257.3 2 1
github.com/frisky1985/yuleDKCS/backend/cloud/hub/internal/gateway/token_handler.go:259.2,259.71 1 1
